TN:
SF:src/console/activity/adapter.ts
FN:34,tsMillis
FN:41,clockTime
FN:44,p
FN:49,durText
FN:57,humanBytes
FN:61,eventSection
FN:104,activityToModel
FN:133,groupEventsByKind
FN:135,anonymous_8
FNDA:11,tsMillis
FNDA:9,clockTime
FNDA:3,p
FNDA:11,durText
FNDA:5,humanBytes
FNDA:7,eventSection
FNDA:1,activityToModel
FNDA:12,groupEventsByKind
FNDA:6,anonymous_8
FNF:9
FNH:9
BRDA:14,0,0,14
BRDA:16,1,0,6
BRDA:18,2,0,2
BRDA:20,3,0,1
BRDA:22,4,0,1
BRDA:24,5,0,1
BRDA:26,6,0,2
BRDA:28,7,0,1
BRDA:34,8,0,11
BRDA:35,9,0,8
BRDA:35,10,0,3
BRDA:41,11,0,9
BRDA:42,12,0,8
BRDA:42,13,0,1
BRDA:44,14,0,3
BRDA:49,15,0,11
BRDA:50,16,0,8
BRDA:50,17,0,3
BRDA:51,18,0,2
BRDA:51,19,0,1
BRDA:52,20,0,1
BRDA:52,21,0,2
BRDA:53,22,0,1
BRDA:53,23,0,1
BRDA:57,24,0,5
BRDA:58,25,0,2
BRDA:58,26,0,3
BRDA:59,27,0,2
BRDA:59,28,0,1
BRDA:61,29,0,7
BRDA:69,30,0,5
BRDA:69,31,0,2
BRDA:76,32,0,0
BRDA:77,33,0,5
BRDA:77,34,0,2
BRDA:78,35,0,0
BRDA:81,36,0,1
BRDA:84,37,0,1
BRDA:87,38,0,0
BRDA:90,39,0,1
BRDA:93,40,0,0
BRDA:95,41,0,1
BRDA:96,42,0,2
BRDA:96,43,0,3
BRDA:97,44,0,1
BRDA:104,45,0,1
BRDA:133,46,0,2
BRDA:143,47,0,12
BRDA:146,48,0,4
BRDA:146,49,0,4
BRDA:149,50,0,5
BRDA:149,51,0,1
BRDA:150,52,0,1
BRDA:135,53,0,6
BRDA:136,54,0,5
BRDA:137,55,0,5
BRF:56
BRH:52
DA:1,0
DA:2,0
DA:3,0
DA:4,0
DA:5,0
DA:6,0
DA:7,1
DA:10,0
DA:12,1
DA:13,0
DA:14,14
DA:15,14
DA:16,14
DA:17,14
DA:18,14
DA:19,14
DA:20,14
DA:21,14
DA:22,14
DA:23,14
DA:24,14
DA:25,14
DA:26,14
DA:27,14
DA:28,14
DA:29,14
DA:30,14
DA:31,14
DA:32,1
DA:33,0
DA:34,11
DA:35,11
DA:36,11
DA:37,11
DA:38,1
DA:39,0
DA:40,0
DA:41,9
DA:42,9
DA:43,1
DA:44,1
DA:45,9
DA:46,9
DA:47,1
DA:48,0
DA:49,11
DA:50,11
DA:51,11
DA:52,11
DA:53,11
DA:54,11
DA:55,1
DA:56,0
DA:57,5
DA:58,5
DA:59,5
DA:60,5
DA:61,7
DA:62,7
DA:63,7
DA:64,7
DA:65,7
DA:66,7
DA:67,7
DA:68,7
DA:69,7
DA:70,7
DA:71,7
DA:72,7
DA:73,7
DA:74,7
DA:75,7
DA:76,7
DA:77,7
DA:78,7
DA:79,7
DA:80,7
DA:81,7
DA:82,7
DA:83,7
DA:84,7
DA:85,1
DA:86,1
DA:87,1
DA:88,7
DA:89,7
DA:90,7
DA:91,1
DA:92,1
DA:93,1
DA:94,7
DA:95,7
DA:96,7
DA:97,7
DA:98,7
DA:99,7
DA:100,7
DA:101,1
DA:102,0
DA:103,0
DA:104,1
DA:105,1
DA:106,1
DA:107,1
DA:108,1
DA:109,0
DA:110,0
DA:111,0
DA:117,1
DA:118,0
DA:119,0
DA:120,0
DA:121,0
DA:122,0
DA:123,0
DA:124,0
DA:125,0
DA:126,0
DA:127,0
DA:128,1
DA:129,0
DA:130,0
DA:131,0
DA:132,0
DA:133,2
DA:134,2
DA:135,2
DA:136,6
DA:137,6
DA:138,6
DA:139,2
DA:140,2
DA:141,2
DA:142,2
DA:143,2
DA:144,12
DA:145,12
DA:146,12
DA:147,12
DA:148,2
DA:149,2
DA:150,2
DA:151,2
DA:152,2
LH:120
LF:152
end_of_record
SF:src/console/commandBar.ts
FN:39,fuzzyMatch
FN:60,matchCommands
FN:68,anonymous_2
FN:74,anonymous_3
FN:77,anonymous_4
FNDA:405,fuzzyMatch
FNDA:20,matchCommands
FNDA:4,anonymous_2
FNDA:25,anonymous_3
FNDA:5,anonymous_4
FNF:5
FNH:5
BRDA:29,0,0,26
BRDA:39,1,0,20
BRDA:45,2,0,405
BRDA:45,3,0,397
BRDA:46,4,0,367
BRDA:46,5,0,30
BRDA:49,6,0,26
BRDA:49,7,0,4
BRDA:50,8,0,4
BRDA:50,9,0,26
BRDA:51,10,0,24
BRDA:51,11,0,24
BRDA:51,12,0,24
BRDA:51,13,0,4
BRDA:51,14,0,22
BRDA:52,15,0,0
BRDA:52,16,0,0
BRDA:52,17,0,0
BRDA:52,18,0,30
BRDA:53,19,0,13
BRDA:53,20,0,30
BRDA:59,21,0,8
BRDA:59,22,0,12
BRDA:60,23,0,6
BRDA:68,24,0,1
BRDA:68,25,0,5
BRDA:70,26,0,20
BRDA:73,27,0,12
BRDA:73,28,0,8
BRDA:75,29,0,5
BRDA:68,30,0,4
BRDA:74,31,0,25
BRDA:77,32,0,5
BRDA:78,33,0,2
BRF:34
BRH:31
DA:1,0
DA:2,0
DA:3,0
DA:4,0
DA:5,0
DA:6,0
DA:7,0
DA:8,0
DA:9,0
DA:10,0
DA:11,0
DA:12,0
DA:13,0
DA:14,1
DA:15,0
DA:16,0
DA:17,1
DA:18,0
DA:19,0
DA:25,1
DA:26,0
DA:27,0
DA:28,0
DA:29,26
DA:30,26
DA:31,26
DA:32,1
DA:33,0
DA:34,0
DA:35,0
DA:36,0
DA:37,0
DA:38,0
DA:39,20
DA:40,20
DA:41,20
DA:42,20
DA:43,20
DA:44,20
DA:45,20
DA:46,397
DA:47,30
DA:48,30
DA:49,397
DA:50,397
DA:51,26
DA:52,397
DA:53,397
DA:54,30
DA:55,30
DA:56,30
DA:57,30
DA:58,30
DA:59,20
DA:60,6
DA:61,6
DA:62,6
DA:63,6
DA:64,6
DA:65,6
DA:66,6
DA:67,6
DA:68,6
DA:69,5
DA:70,6
DA:71,20
DA:72,20
DA:73,20
DA:74,8
DA:75,8
DA:76,5
DA:77,5
DA:78,5
DA:79,5
DA:80,6
DA:81,6
DA:82,1
DA:83,0
DA:84,0
DA:85,0
DA:86,0
DA:87,0
DA:88,0
DA:89,0
DA:90,0
DA:91,0
DA:92,0
DA:93,0
DA:94,0
DA:95,0
DA:96,0
DA:97,0
DA:98,0
DA:99,0
DA:100,0
DA:101,1
DA:107,1
DA:108,0
DA:109,0
DA:110,0
DA:111,0
DA:118,1
DA:119,0
DA:120,0
DA:121,0
DA:122,0
DA:123,0
DA:124,0
DA:125,0
DA:126,0
DA:127,1
DA:128,0
DA:129,0
DA:130,1
DA:131,0
DA:132,0
DA:133,0
DA:134,0
DA:135,0
DA:136,0
DA:137,1
DA:138,0
DA:139,0
DA:140,0
DA:141,1
DA:142,0
DA:143,0
DA:144,0
DA:145,0
DA:146,1
DA:147,0
DA:148,1
DA:149,0
DA:150,0
DA:151,1
DA:152,0
DA:153,0
DA:154,0
DA:155,0
DA:156,0
DA:157,0
DA:158,0
DA:159,0
DA:160,1
DA:161,0
DA:162,0
DA:163,0
DA:164,0
DA:165,0
DA:166,0
DA:167,0
DA:168,0
DA:169,0
DA:170,0
DA:171,0
DA:172,0
DA:173,0
DA:174,0
DA:175,0
DA:176,0
DA:177,0
DA:178,0
DA:179,0
DA:180,0
DA:181,0
DA:182,0
DA:183,0
DA:184,0
DA:185,0
DA:186,1
DA:187,0
DA:188,0
DA:189,0
DA:190,0
DA:191,0
DA:192,0
DA:193,1
DA:194,0
DA:195,0
DA:196,0
DA:197,0
DA:198,0
DA:199,0
DA:200,0
DA:201,0
DA:202,0
DA:203,0
DA:204,0
DA:205,0
DA:206,0
DA:207,1
DA:208,0
DA:209,0
DA:210,0
DA:211,0
DA:212,0
DA:213,1
DA:214,0
DA:215,0
DA:216,0
DA:217,0
DA:218,1
DA:219,0
DA:220,0
DA:221,0
DA:222,0
DA:223,0
DA:224,0
DA:225,0
DA:226,0
DA:227,1
DA:228,0
DA:229,0
DA:230,0
DA:231,1
DA:232,0
DA:233,0
DA:234,0
DA:235,0
DA:236,0
DA:237,0
DA:238,0
DA:239,0
DA:240,0
DA:241,0
DA:242,0
DA:243,0
DA:244,0
DA:245,0
DA:246,0
DA:247,0
DA:248,0
DA:249,0
DA:250,0
DA:251,0
DA:252,0
DA:253,0
DA:254,0
DA:255,0
DA:256,0
DA:257,0
DA:258,0
DA:259,0
DA:260,0
DA:261,0
DA:262,0
DA:263,0
DA:264,0
DA:265,1
DA:266,0
DA:267,0
LH:86
LF:267
end_of_record
SF:src/console/commands.ts
FN:78,anonymous_0
FN:79,anonymous_1
FN:101,anonymous_2
FN:101,anonymous_3
FN:102,normalizeSequence
FN:111,anonymous_5
FN:112,anonymous_6
FN:46,registerCommand
FN:48,unregisterCommand
FN:56,dispatchCommand
FN:61,listCommands
FN:74,normalizeChord
FN:114,hasSequenceWithPrefix
FN:129,chordFromEvent
FN:160,anonymous_14
FN:161,mergeKeymap
FN:178,resolveCommand
FN:185,seqConflict
FN:197,conflicts
FN:221,formatSingleChord
FN:224,anonymous_20
FN:239,formatChord
FN:243,anonymous_22
FN:244,anonymous_23
FN:246,advanceSequence
FNDA:222,anonymous_0
FNDA:222,anonymous_1
FNDA:369,anonymous_2
FNDA:222,anonymous_3
FNDA:98,normalizeSequence
FNDA:125,anonymous_5
FNDA:125,anonymous_6
FNDA:3,registerCommand
FNDA:2,unregisterCommand
FNDA:5,dispatchCommand
FNDA:1,listCommands
FNDA:206,normalizeChord
FNDA:15,hasSequenceWithPrefix
FNDA:11,chordFromEvent
FNDA:27,anonymous_14
FNDA:3,mergeKeymap
FNDA:21,resolveCommand
FNDA:14,seqConflict
FNDA:21,conflicts
FNDA:9,formatSingleChord
FNDA:20,anonymous_20
FNDA:8,formatChord
FNDA:9,anonymous_22
FNDA:9,anonymous_23
FNDA:7,advanceSequence
FNF:25
FNH:25
BRDA:39,0,0,9
BRDA:75,1,0,1
BRDA:75,2,0,8
BRDA:82,3,0,16
BRDA:85,4,0,12
BRDA:86,5,0,11
BRDA:87,6,0,11
BRDA:88,7,0,11
BRDA:89,8,0,11
BRDA:91,9,0,5
BRDA:93,10,0,11
BRDA:93,11,0,8
BRDA:93,12,0,8
BRDA:93,13,0,3
BRDA:95,14,0,8
BRDA:95,15,0,0
BRDA:98,16,0,0
BRDA:100,17,0,8
BRDA:78,18,0,222
BRDA:79,19,0,222
BRDA:101,20,0,369
BRDA:101,21,0,222
BRDA:102,22,0,98
BRDA:111,23,0,125
BRDA:112,24,0,125
BRDA:46,25,0,3
BRDA:48,26,0,2
BRDA:56,27,0,5
BRDA:58,28,0,2
BRDA:58,29,0,3
BRDA:61,30,0,1
BRDA:74,31,0,122
BRDA:75,32,0,7
BRDA:75,33,0,115
BRDA:82,34,0,206
BRDA:85,35,0,128
BRDA:86,36,0,125
BRDA:87,37,0,125
BRDA:88,38,0,125
BRDA:89,39,0,120
BRDA:91,40,0,86
BRDA:93,41,0,120
BRDA:93,42,0,119
BRDA:93,43,0,118
BRDA:93,44,0,2
BRDA:95,45,0,118
BRDA:95,46,0,3
BRDA:97,47,0,115
BRDA:98,48,0,114
BRDA:98,49,0,1
BRDA:100,50,0,115
BRDA:114,51,0,11
BRDA:123,52,0,1
BRDA:123,53,0,10
BRDA:124,54,0,15
BRDA:126,55,0,3
BRDA:127,56,0,7
BRDA:129,57,0,11
BRDA:146,58,0,10
BRDA:146,59,0,10
BRDA:146,60,0,10
BRDA:146,61,0,2
BRDA:146,62,0,9
BRDA:148,63,0,4
BRDA:148,64,0,5
BRDA:148,65,0,4
BRDA:148,66,0,9
BRDA:149,67,0,4
BRDA:149,68,0,9
BRDA:150,69,0,2
BRDA:150,70,0,9
BRDA:151,71,0,8
BRDA:151,72,0,1
BRDA:156,73,0,4
BRDA:156,74,0,3
BRDA:157,75,0,1
BRDA:159,76,0,9
BRDA:160,77,0,27
BRDA:161,78,0,1
BRDA:170,79,0,3
BRDA:171,80,0,2
BRDA:178,81,0,14
BRDA:180,82,0,1
BRDA:180,83,0,13
BRDA:181,84,0,21
BRDA:182,85,0,19
BRDA:182,86,0,8
BRDA:183,87,0,5
BRDA:185,88,0,14
BRDA:191,89,0,11
BRDA:191,90,0,10
BRDA:197,91,0,7
BRDA:199,92,0,1
BRDA:199,93,0,6
BRDA:201,94,0,21
BRDA:202,95,0,17
BRDA:202,96,0,14
BRDA:203,97,0,5
BRDA:204,98,0,6
BRDA:221,99,0,9
BRDA:224,100,0,20
BRDA:225,101,0,7
BRDA:225,102,0,4
BRDA:225,103,0,3
BRDA:225,104,0,13
BRDA:226,105,0,2
BRDA:226,106,0,0
BRDA:226,107,0,11
BRDA:227,108,0,2
BRDA:227,109,0,9
BRDA:228,110,0,1
BRDA:228,111,0,8
BRDA:229,112,0,0
BRDA:239,113,0,8
BRDA:240,114,0,1
BRDA:240,115,0,7
BRDA:243,116,0,9
BRDA:244,117,0,9
BRDA:246,118,0,7
BRDA:293,119,0,4
BRDA:293,120,0,3
BRDA:293,121,0,4
BRDA:294,122,0,2
BRDA:295,123,0,1
BRF:124
BRH:120
DA:1,0
DA:2,0
DA:3,0
DA:4,0
DA:5,0
DA:6,0
DA:7,0
DA:8,1
DA:9,0
DA:10,0
DA:17,1
DA:18,0
DA:19,0
DA:20,0
DA:21,0
DA:22,0
DA:23,0
DA:24,0
DA:25,0
DA:26,0
DA:28,1
DA:29,0
DA:30,0
DA:31,0
DA:33,1
DA:34,0
DA:36,1
DA:37,0
DA:38,0
DA:39,9
DA:40,9
DA:41,9
DA:42,9
DA:43,9
DA:44,9
DA:45,9
DA:46,9
DA:47,3
DA:48,2
DA:49,2
DA:50,2
DA:51,2
DA:52,2
DA:53,9
DA:54,9
DA:55,9
DA:56,9
DA:57,5
DA:58,5
DA:59,3
DA:60,5
DA:61,1
DA:62,1
DA:63,1
DA:64,1
DA:65,1
DA:66,1
DA:67,9
DA:68,9
DA:69,9
DA:70,9
DA:71,9
DA:72,9
DA:73,9
DA:74,9
DA:75,122
DA:76,115
DA:77,115
DA:78,115
DA:79,115
DA:80,115
DA:81,115
DA:82,122
DA:83,206
DA:84,206
DA:85,206
DA:86,206
DA:87,206
DA:88,206
DA:89,206
DA:90,206
DA:91,206
DA:92,86
DA:93,206
DA:94,2
DA:95,120
DA:96,3
DA:97,118
DA:98,115
DA:99,115
DA:100,206
DA:101,122
DA:102,122
DA:103,98
DA:104,98
DA:105,98
DA:106,98
DA:107,98
DA:108,98
DA:109,98
DA:110,98
DA:111,98
DA:112,98
DA:113,98
DA:114,11
DA:115,11
DA:116,11
DA:117,11
DA:118,11
DA:119,11
DA:120,11
DA:121,11
DA:122,11
DA:123,11
DA:124,11
DA:125,15
DA:126,15
DA:127,15
DA:128,11
DA:129,11
DA:130,11
DA:131,11
DA:132,11
DA:141,11
DA:142,11
DA:143,11
DA:144,11
DA:145,11
DA:146,11
DA:147,9
DA:148,11
DA:149,11
DA:150,11
DA:151,11
DA:152,11
DA:153,11
DA:154,11
DA:155,11
DA:156,11
DA:157,3
DA:158,3
DA:159,3
DA:160,11
DA:161,1
DA:162,1
DA:163,1
DA:164,1
DA:165,1
DA:166,1
DA:167,1
DA:168,1
DA:169,1
DA:170,1
DA:171,1
DA:172,1
DA:173,1
DA:174,1
DA:175,0
DA:176,0
DA:177,0
DA:178,14
DA:179,14
DA:180,14
DA:181,14
DA:182,21
DA:183,21
DA:184,14
DA:185,14
DA:186,14
DA:187,14
DA:188,14
DA:189,14
DA:190,14
DA:191,14
DA:192,14
DA:193,1
DA:194,0
DA:195,0
DA:196,0
DA:197,7
DA:198,7
DA:199,7
DA:200,6
DA:201,7
DA:202,21
DA:203,21
DA:204,21
DA:205,7
DA:206,7
DA:207,1
DA:208,0
DA:209,0
DA:210,0
DA:211,0
DA:212,0
DA:213,0
DA:214,0
DA:215,0
DA:216,0
DA:217,0
DA:218,1
DA:219,0
DA:220,0
DA:221,9
DA:222,9
DA:223,9
DA:224,9
DA:225,20
DA:226,20
DA:227,20
DA:228,20
DA:229,20
DA:230,9
DA:231,9
DA:232,9
DA:233,1
DA:234,0
DA:235,0
DA:236,0
DA:237,0
DA:238,0
DA:239,8
DA:240,8
DA:241,7
DA:242,7
DA:243,7
DA:244,7
DA:245,8
DA:246,7
DA:247,7
DA:248,7
DA:249,7
DA:250,7
DA:251,7
DA:252,7
DA:253,7
DA:254,7
DA:255,7
DA:256,7
DA:257,7
DA:258,7
DA:259,7
DA:260,7
DA:261,7
DA:262,7
DA:263,7
DA:264,7
DA:265,7
DA:266,7
DA:267,7
DA:268,7
DA:269,7
DA:270,7
DA:271,7
DA:272,7
DA:273,7
DA:274,7
DA:281,7
DA:282,7
DA:283,7
DA:284,7
DA:285,7
DA:286,7
DA:287,7
DA:288,7
DA:289,7
DA:290,7
DA:291,7
DA:292,7
DA:293,7
DA:294,7
DA:295,7
DA:296,7
DA:297,7
DA:298,1
DA:299,0
DA:300,0
DA:301,0
DA:302,0
DA:303,0
DA:304,0
DA:305,0
DA:306,0
DA:307,0
DA:308,0
DA:309,0
DA:310,0
DA:311,0
DA:312,0
DA:313,1
DA:314,0
DA:315,0
DA:316,0
DA:317,0
DA:318,0
DA:319,0
DA:320,0
DA:321,0
DA:322,0
DA:323,0
DA:324,0
DA:325,0
DA:326,0
DA:327,0
DA:328,0
DA:329,0
DA:330,1
DA:331,0
DA:332,0
DA:333,0
DA:334,0
DA:335,0
DA:336,0
DA:337,0
DA:338,0
DA:339,0
DA:340,0
DA:341,0
DA:342,0
DA:343,0
DA:344,0
DA:345,0
DA:346,0
DA:347,0
DA:348,0
DA:349,0
DA:350,0
DA:351,0
DA:352,0
DA:353,0
DA:354,0
DA:355,0
LH:253
LF:355
end_of_record
SF:src/console/demo-scenario.ts
FN:108,at
FN:322,scenarioActivity
FN:362,run
FN:362,anonymous_3
FN:366,at
FN:480,scenarioInsight
FN:528,at
FNDA:110,at
FNDA:3,scenarioActivity
FNDA:9,run
FNDA:36,anonymous_3
FNDA:18,at
FNDA:2,scenarioInsight
FNDA:12,at
FNF:7
FNH:7
BRDA:107,0,0,10
BRDA:108,1,0,110
BRDA:322,2,0,3
BRDA:362,3,0,9
BRDA:362,4,0,36
BRDA:366,5,0,18
BRDA:480,6,0,2
BRDA:528,7,0,12
BRF:8
BRH:8
DA:1,0
DA:2,0
DA:3,0
DA:4,0
DA:5,0
DA:6,0
DA:7,0
DA:8,0
DA:9,0
DA:10,0
DA:11,0
DA:12,0
DA:13,0
DA:14,0
DA:15,0
DA:16,0
DA:17,0
DA:18,0
DA:19,0
DA:20,0
DA:21,0
DA:22,0
DA:23,0
DA:24,0
DA:25,0
DA:26,0
DA:27,0
DA:28,0
DA:29,0
DA:30,0
DA:31,0
DA:32,0
DA:33,0
DA:34,0
DA:35,0
DA:36,0
DA:37,0
DA:38,0
DA:39,0
DA:40,0
DA:41,0
DA:42,0
DA:43,1
DA:44,0
DA:45,1
DA:46,0
DA:47,0
DA:48,0
DA:49,0
DA:50,0
DA:51,0
DA:52,0
DA:53,0
DA:54,0
DA:55,0
DA:56,0
DA:57,0
DA:58,0
DA:59,0
DA:60,1
DA:61,0
DA:62,0
DA:63,0
DA:64,1
DA:65,0
DA:66,1
DA:68,1
DA:69,0
DA:70,0
DA:71,0
DA:72,0
DA:73,0
DA:74,0
DA:75,0
DA:76,0
DA:77,0
DA:78,0
DA:79,0
DA:95,1
DA:96,0
DA:97,0
DA:98,0
DA:99,0
DA:100,0
DA:101,0
DA:102,1
DA:103,0
DA:104,0
DA:105,0
DA:106,0
DA:107,10
DA:108,10
DA:109,110
DA:110,110
DA:111,110
DA:112,110
DA:113,110
DA:114,10
DA:115,10
DA:116,10
DA:117,10
DA:118,10
DA:119,10
DA:120,10
DA:121,10
DA:122,10
DA:123,10
DA:124,10
DA:125,10
DA:126,10
DA:127,10
DA:128,10
DA:129,10
DA:130,10
DA:131,10
DA:132,10
DA:133,10
DA:134,10
DA:135,10
DA:136,10
DA:137,10
DA:138,10
DA:139,10
DA:140,10
DA:141,10
DA:142,10
DA:143,10
DA:144,10
DA:145,10
DA:146,10
DA:147,10
DA:148,10
DA:149,10
DA:150,10
DA:151,10
DA:152,10
DA:153,10
DA:154,10
DA:155,10
DA:156,10
DA:157,10
DA:158,10
DA:159,10
DA:160,10
DA:161,10
DA:162,10
DA:163,10
DA:164,10
DA:165,10
DA:166,10
DA:167,10
DA:168,10
DA:169,10
DA:170,10
DA:171,10
DA:172,10
DA:173,10
DA:174,10
DA:175,10
DA:176,10
DA:177,10
DA:178,10
DA:179,10
DA:180,10
DA:181,10
DA:182,10
DA:183,10
DA:184,10
DA:185,10
DA:186,10
DA:187,10
DA:188,10
DA:189,10
DA:190,10
DA:191,10
DA:192,10
DA:193,10
DA:194,10
DA:195,10
DA:196,10
DA:197,10
DA:198,10
DA:199,10
DA:200,10
DA:201,10
DA:202,10
DA:203,10
DA:204,10
DA:205,10
DA:206,10
DA:207,10
DA:208,10
DA:209,10
DA:210,10
DA:211,10
DA:212,10
DA:213,10
DA:214,10
DA:215,10
DA:216,10
DA:217,10
DA:218,10
DA:219,10
DA:220,10
DA:221,10
DA:222,10
DA:223,10
DA:224,10
DA:225,10
DA:226,10
DA:227,10
DA:228,10
DA:229,10
DA:230,10
DA:231,10
DA:232,10
DA:233,10
DA:234,10
DA:235,10
DA:236,10
DA:237,10
DA:238,10
DA:239,10
DA:240,10
DA:241,10
DA:242,10
DA:243,10
DA:244,10
DA:245,10
DA:246,10
DA:247,10
DA:248,10
DA:249,10
DA:250,10
DA:251,10
DA:252,10
DA:253,10
DA:254,10
DA:255,10
DA:256,10
DA:257,10
DA:258,10
DA:259,10
DA:260,10
DA:261,10
DA:262,10
DA:263,10
DA:264,10
DA:265,10
DA:266,10
DA:267,10
DA:268,10
DA:269,10
DA:270,10
DA:271,10
DA:272,10
DA:273,10
DA:274,10
DA:275,10
DA:276,10
DA:277,10
DA:278,10
DA:279,10
DA:280,10
DA:281,10
DA:282,10
DA:283,10
DA:284,10
DA:285,10
DA:286,10
DA:287,10
DA:288,10
DA:289,10
DA:290,10
DA:291,10
DA:292,10
DA:293,10
DA:294,10
DA:295,10
DA:296,10
DA:297,10
DA:298,10
DA:299,10
DA:300,10
DA:301,10
DA:302,10
DA:303,10
DA:304,10
DA:305,10
DA:306,10
DA:307,10
DA:308,10
DA:309,10
DA:310,10
DA:311,10
DA:312,10
DA:313,10
DA:314,10
DA:315,10
DA:316,10
DA:317,10
DA:318,1
DA:319,0
DA:320,0
DA:321,0
DA:322,3
DA:323,3
DA:324,3
DA:325,3
DA:327,3
DA:328,3
DA:329,3
DA:330,3
DA:331,3
DA:332,3
DA:348,3
DA:349,3
DA:350,3
DA:351,3
DA:352,3
DA:353,3
DA:354,3
DA:355,3
DA:356,3
DA:357,3
DA:358,3
DA:359,3
DA:360,3
DA:361,3
DA:362,3
DA:363,3
DA:364,3
DA:365,3
DA:366,3
DA:367,3
DA:368,3
DA:369,3
DA:370,3
DA:371,3
DA:372,3
DA:373,3
DA:374,3
DA:375,3
DA:376,3
DA:377,3
DA:378,3
DA:379,3
DA:380,3
DA:381,3
DA:382,3
DA:383,3
DA:384,3
DA:385,3
DA:386,3
DA:387,3
DA:388,3
DA:389,3
DA:390,3
DA:391,3
DA:392,3
DA:393,3
DA:394,3
DA:395,3
DA:396,3
DA:397,3
DA:398,3
DA:399,3
DA:400,3
DA:401,3
DA:402,3
DA:403,3
DA:404,3
DA:405,3
DA:406,3
DA:407,3
DA:408,3
DA:409,3
DA:410,3
DA:411,3
DA:412,3
DA:413,3
DA:414,3
DA:415,3
DA:416,3
DA:417,3
DA:418,3
DA:419,3
DA:420,3
DA:421,3
DA:422,3
DA:423,3
DA:424,3
DA:425,3
DA:426,3
DA:427,3
DA:428,3
DA:429,3
DA:430,3
DA:431,3
DA:432,3
DA:433,3
DA:434,3
DA:435,3
DA:436,3
DA:437,3
DA:438,3
DA:439,3
DA:440,3
DA:441,3
DA:442,3
DA:443,3
DA:444,3
DA:445,3
DA:446,3
DA:447,3
DA:448,3
DA:449,3
DA:450,3
DA:451,3
DA:452,3
DA:453,3
DA:454,3
DA:455,3
DA:456,3
DA:457,3
DA:458,3
DA:459,3
DA:460,3
DA:461,3
DA:462,3
DA:463,3
DA:464,3
DA:465,3
DA:466,3
DA:467,3
DA:468,3
DA:469,3
DA:470,3
DA:471,3
DA:472,3
DA:473,3
DA:474,3
DA:475,3
DA:476,3
DA:477,3
DA:478,3
DA:479,3
DA:480,2
DA:481,2
DA:482,2
DA:483,2
DA:484,2
DA:485,2
DA:486,2
DA:487,2
DA:488,2
DA:489,2
DA:490,2
DA:491,2
DA:526,2
DA:527,2
DA:528,2
DA:529,2
DA:530,2
DA:531,2
DA:532,2
DA:533,2
DA:534,2
DA:535,2
DA:536,2
DA:537,2
DA:538,2
DA:539,2
DA:540,2
DA:541,2
DA:542,2
DA:543,2
DA:544,2
DA:545,2
DA:546,2
DA:547,2
DA:548,2
DA:549,2
DA:550,2
DA:551,2
DA:552,2
DA:553,2
DA:554,2
DA:555,2
DA:556,2
DA:557,2
DA:558,2
DA:559,2
DA:560,2
DA:561,2
DA:562,2
DA:563,2
DA:564,2
DA:565,2
DA:566,2
DA:567,2
DA:568,2
DA:569,2
DA:570,2
DA:571,2
DA:572,2
DA:573,2
DA:574,2
DA:575,2
DA:576,2
DA:577,2
DA:578,2
DA:579,2
DA:580,2
DA:581,2
DA:582,2
DA:583,2
DA:584,2
DA:585,2
DA:586,2
DA:587,2
DA:588,2
DA:589,2
DA:590,2
DA:591,2
DA:592,2
DA:593,2
DA:594,2
DA:595,2
DA:596,2
DA:597,2
DA:598,2
DA:599,2
DA:600,2
DA:601,2
DA:602,2
DA:603,2
DA:604,2
DA:605,2
DA:606,2
DA:607,2
DA:608,2
DA:609,2
DA:610,2
DA:611,2
DA:612,2
DA:613,2
DA:614,2
DA:615,2
DA:616,2
DA:617,2
DA:618,2
DA:619,2
DA:620,2
DA:621,2
DA:622,2
DA:623,2
DA:624,2
DA:625,2
DA:626,2
DA:627,2
DA:628,2
DA:629,2
DA:630,2
DA:631,2
DA:632,2
DA:633,2
DA:634,2
DA:635,2
DA:636,2
DA:637,2
DA:638,2
DA:639,2
DA:640,2
DA:641,2
DA:642,2
DA:643,2
DA:644,2
DA:645,1
DA:646,0
DA:647,1
DA:648,0
DA:649,0
DA:650,0
DA:651,0
DA:652,0
DA:653,0
DA:654,0
DA:655,0
DA:656,0
DA:657,0
DA:658,0
DA:659,0
DA:660,0
DA:661,0
DA:662,0
DA:663,0
DA:664,0
DA:665,0
DA:666,0
DA:667,0
DA:668,0
DA:669,0
DA:670,0
DA:671,0
DA:672,0
DA:677,0
DA:678,0
DA:679,0
DA:680,0
DA:681,0
DA:682,0
DA:683,0
DA:684,0
DA:685,0
DA:686,0
DA:687,0
DA:688,0
DA:689,0
DA:690,0
DA:691,0
DA:692,0
DA:693,0
DA:694,0
DA:695,0
DA:696,0
DA:697,0
DA:698,0
DA:699,0
DA:700,0
DA:701,0
DA:702,0
DA:703,0
DA:704,0
DA:705,0
DA:706,0
DA:707,0
DA:708,0
DA:709,0
LH:565
LF:709
end_of_record
SF:src/console/graph/cards.ts
FN:39,measureCards
FN:46,ellipsize
FNDA:3,measureCards
FNDA:40,ellipsize
FNF:2
FNH:2
BRDA:18,0,0,3
BRDA:39,1,0,3
BRDA:46,2,0,4
BRDA:54,3,0,1
BRDA:54,4,0,3
BRDA:57,5,0,0
BRDA:57,6,0,3
BRDA:61,7,0,40
BRDA:63,8,0,21
BRDA:63,9,0,19
BRDA:64,10,0,21
BRDA:64,11,0,19
BRDA:66,12,0,3
BRDA:66,13,0,37
BRDA:69,14,0,3
BRDA:70,15,0,0
BRDA:70,16,0,0
BRDA:70,17,0,3
BRF:18
BRH:15
DA:1,0
DA:2,0
DA:3,0
DA:4,0
DA:5,0
DA:6,0
DA:7,0
DA:8,0
DA:9,0
DA:10,0
DA:11,0
DA:12,1
DA:14,1
DA:15,0
DA:16,0
DA:17,0
DA:18,3
DA:19,3
DA:20,3
DA:21,3
DA:22,3
DA:31,3
DA:32,3
DA:33,3
DA:34,3
DA:35,1
DA:36,0
DA:37,0
DA:38,0
DA:39,3
DA:40,3
DA:41,3
DA:42,3
DA:43,3
DA:44,3
DA:45,3
DA:46,4
DA:47,4
DA:48,4
DA:49,4
DA:50,4
DA:51,4
DA:52,4
DA:53,4
DA:54,4
DA:55,3
DA:56,3
DA:57,4
DA:58,3
DA:59,3
DA:60,3
DA:61,4
DA:62,40
DA:63,40
DA:64,40
DA:65,40
DA:66,40
DA:67,37
DA:68,37
DA:69,37
DA:70,4
DA:71,4
DA:72,4
DA:73,1
DA:74,0
DA:75,0
DA:76,0
DA:77,0
DA:78,0
DA:79,0
DA:80,0
DA:81,0
DA:82,0
DA:83,0
DA:84,0
DA:85,0
DA:86,0
DA:94,0
DA:95,0
DA:96,0
DA:97,0
DA:98,0
DA:99,0
DA:100,0
DA:101,1
DA:102,0
DA:103,0
DA:104,0
DA:105,0
DA:106,1
DA:107,0
DA:108,1
DA:109,0
DA:110,0
DA:111,0
DA:112,0
DA:113,1
DA:114,0
DA:115,0
DA:116,0
DA:117,1
DA:118,0
DA:119,0
DA:120,0
DA:121,0
DA:122,0
DA:123,0
DA:124,0
DA:125,0
DA:126,0
DA:127,0
DA:128,0
DA:129,1
DA:130,0
DA:131,0
DA:132,0
DA:133,0
DA:134,1
DA:135,0
DA:136,0
DA:137,0
DA:138,0
DA:139,0
DA:140,0
DA:141,0
DA:142,0
DA:143,0
DA:144,1
DA:145,0
DA:146,0
DA:147,0
DA:148,0
DA:149,0
DA:150,1
DA:151,0
DA:152,0
DA:153,0
DA:154,0
DA:155,0
DA:156,0
DA:157,0
DA:158,0
DA:159,1
DA:160,0
DA:161,0
DA:162,0
DA:163,0
DA:164,0
DA:165,0
DA:166,1
DA:167,0
DA:168,0
LH:74
LF:168
end_of_record
SF:src/console/graph/duration.ts
FN:25,formatDuration
FNDA:8,formatDuration
FNF:1
FNH:1
BRDA:17,0,0,6
BRDA:18,1,0,3
BRDA:19,2,0,14
BRDA:20,3,0,8
BRDA:20,4,0,6
BRDA:21,5,0,2
BRDA:21,6,0,4
BRDA:22,7,0,6
BRDA:22,8,0,5
BRDA:22,9,0,4
BRDA:23,10,0,2
BRDA:25,11,0,8
BRDA:32,12,0,1
BRDA:32,13,0,7
BRDA:33,14,0,2
BRDA:33,15,0,5
BRDA:35,16,0,2
BRDA:35,17,0,3
BRF:18
BRH:18
DA:1,0
DA:2,0
DA:3,0
DA:4,0
DA:5,0
DA:6,0
DA:7,0
DA:8,0
DA:9,1
DA:11,1
DA:12,0
DA:13,0
DA:14,0
DA:15,0
DA:16,0
DA:17,6
DA:18,6
DA:19,6
DA:20,14
DA:21,14
DA:22,14
DA:23,14
DA:24,6
DA:25,8
DA:26,8
DA:27,8
DA:28,8
DA:29,8
DA:30,8
DA:31,8
DA:32,8
DA:33,8
DA:34,5
DA:35,8
DA:36,3
DA:37,3
DA:38,3
DA:39,8
DA:40,8
LH:27
LF:40
end_of_record
SF:src/console/graph/layout.ts
FN:65,anonymous_0
FN:88,anonymous_1
FN:98,anonymous_2
FN:150,getLayer
FN:178,buildDummyChains
FN:198,chainSegments
FN:210,routeEdges
FN:223,anonymous_7
FN:230,layoutLayered
FN:237,anonymous_9
FN:264,anonymous_10
FN:269,anonymous_11
FN:293,barycentricSort
FN:294,anonymous_13
FN:297,anonymous_14
FN:301,anonymous_15
FN:302,anonymous_16
FN:307,neighborFn
FN:308,neighborFn
FN:309,neighborFn
FN:318,anonymous_20
FN:325,anonymous_21
FN:327,anonymous_22
FN:353,layoutWaves
FN:369,anonymous_24
FN:377,projectOf
FN:379,anonymous_26
FN:394,anonymous_27
FN:395,anonymous_28
FN:409,anonymous_29
FN:410,anonymous_30
FNDA:38,anonymous_0
FNDA:38,anonymous_1
FNDA:6,anonymous_2
FNDA:72,getLayer
FNDA:35,buildDummyChains
FNDA:9,chainSegments
FNDA:35,routeEdges
FNDA:6,anonymous_7
FNDA:54,layoutLayered
FNDA:18,anonymous_9
FNDA:17,anonymous_10
FNDA:24,anonymous_11
FNDA:54,barycentricSort
FNDA:72,anonymous_13
FNDA:69,anonymous_14
FNDA:18,anonymous_15
FNDA:72,anonymous_16
FNDA:24,neighborFn
FNDA:24,neighborFn
FNDA:24,neighborFn
FNDA:72,anonymous_20
FNDA:18,anonymous_21
FNDA:18,anonymous_22
FNDA:20,layoutWaves
FNDA:20,anonymous_24
FNDA:12,projectOf
FNDA:6,anonymous_26
FNDA:11,anonymous_27
FNDA:15,anonymous_28
FNDA:11,anonymous_29
FNDA:15,anonymous_30
FNF:31
FNH:31
BRDA:60,0,0,10
BRDA:71,1,0,35
BRDA:72,2,0,0
BRDA:75,3,0,0
BRDA:76,4,0,0
BRDA:95,5,0,38
BRDA:96,6,0,35
BRDA:98,7,0,38
BRDA:103,8,0,38
BRDA:104,9,0,26
BRDA:104,10,0,12
BRDA:107,11,0,73
BRDA:110,12,0,38
BRDA:114,13,0,0
BRDA:115,14,0,35
BRDA:118,15,0,1
BRDA:123,16,0,34
BRDA:123,17,0,26
BRDA:126,18,0,38
BRDA:139,19,0,38
BRDA:140,20,0,35
BRDA:165,21,0,38
BRDA:65,22,0,38
BRDA:88,23,0,38
BRDA:98,24,0,6
BRDA:98,25,0,0
BRDA:98,26,0,0
BRDA:150,27,0,72
BRDA:152,28,0,34
BRDA:152,29,0,38
BRDA:153,30,0,0
BRDA:157,31,0,34
BRDA:160,32,0,38
BRDA:178,33,0,10
BRDA:183,34,0,35
BRDA:184,35,0,0
BRDA:185,36,0,0
BRDA:186,37,0,32
BRDA:186,38,0,3
BRDA:189,39,0,6
BRDA:194,40,0,3
BRDA:198,41,0,3
BRDA:208,42,0,9
BRDA:210,43,0,10
BRDA:220,44,0,35
BRDA:222,45,0,3
BRDA:224,46,0,32
BRDA:223,47,0,6
BRDA:230,48,0,5
BRDA:235,49,0,0
BRDA:236,50,0,0
BRDA:242,51,0,18
BRDA:252,52,0,3
BRDA:253,53,0,6
BRDA:255,54,0,0
BRDA:259,55,0,18
BRDA:268,56,0,18
BRDA:276,57,0,3
BRDA:276,58,0,6
BRDA:280,59,0,24
BRDA:284,60,0,17
BRDA:286,61,0,3
BRDA:286,62,0,14
BRDA:287,63,0,23
BRDA:312,64,0,15
BRDA:313,65,0,54
BRDA:315,66,0,0
BRDA:330,67,0,18
BRDA:332,68,0,0
BRDA:335,69,0,24
BRDA:340,70,0,18
BRDA:346,71,0,6
BRDA:237,72,0,18
BRDA:264,73,0,17
BRDA:269,74,0,24
BRDA:293,75,0,54
BRDA:294,76,0,72
BRDA:296,77,0,15
BRDA:296,78,0,57
BRDA:297,79,0,69
BRDA:297,80,0,0
BRDA:301,81,0,18
BRDA:301,82,0,9
BRDA:301,83,0,0
BRDA:301,84,0,0
BRDA:302,85,0,72
BRDA:307,86,0,24
BRDA:307,87,0,0
BRDA:308,88,0,24
BRDA:308,89,0,0
BRDA:309,90,0,24
BRDA:309,91,0,0
BRDA:318,92,0,72
BRDA:325,93,0,18
BRDA:327,94,0,18
BRDA:353,95,0,5
BRDA:366,96,0,0
BRDA:367,97,0,0
BRDA:373,98,0,20
BRDA:374,99,0,15
BRDA:378,100,0,15
BRDA:400,101,0,0
BRDA:414,102,0,15
BRDA:416,103,0,0
BRDA:419,104,0,20
BRDA:429,105,0,0
BRDA:369,106,0,20
BRDA:377,107,0,12
BRDA:377,108,0,6
BRDA:377,109,0,6
BRDA:379,110,0,6
BRDA:382,111,0,2
BRDA:382,112,0,1
BRDA:382,113,0,1
BRDA:382,114,0,4
BRDA:383,115,0,0
BRDA:383,116,0,4
BRDA:383,117,0,0
BRDA:394,118,0,11
BRDA:395,119,0,15
BRDA:409,120,0,11
BRDA:410,121,0,15
BRF:122
BRH:95
DA:1,0
DA:2,0
DA:3,0
DA:4,0
DA:5,0
DA:6,0
DA:7,0
DA:8,0
DA:9,0
DA:10,0
DA:11,0
DA:12,0
DA:13,0
DA:14,0
DA:15,0
DA:16,0
DA:17,0
DA:18,0
DA:19,0
DA:20,0
DA:21,0
DA:22,0
DA:23,0
DA:24,0
DA:25,0
DA:26,0
DA:27,0
DA:28,0
DA:29,0
DA:30,0
DA:31,0
DA:32,0
DA:33,0
DA:34,0
DA:35,0
DA:36,0
DA:37,1
DA:38,0
DA:39,1
DA:40,0
DA:41,0
DA:42,0
DA:43,1
DA:44,0
DA:45,0
DA:46,0
DA:47,0
DA:52,1
DA:54,1
DA:55,0
DA:56,0
DA:57,0
DA:58,0
DA:59,0
DA:60,10
DA:61,10
DA:62,10
DA:63,10
DA:64,10
DA:65,10
DA:66,10
DA:67,10
DA:68,10
DA:69,10
DA:70,10
DA:71,10
DA:72,35
DA:73,35
DA:74,35
DA:75,35
DA:76,35
DA:77,35
DA:78,35
DA:79,10
DA:80,10
DA:81,10
DA:82,10
DA:83,10
DA:84,10
DA:85,10
DA:86,10
DA:87,10
DA:88,10
DA:89,10
DA:90,10
DA:91,10
DA:92,10
DA:93,10
DA:94,10
DA:95,10
DA:96,10
DA:97,10
DA:98,10
DA:99,10
DA:100,10
DA:101,10
DA:102,10
DA:103,10
DA:104,38
DA:105,12
DA:106,12
DA:107,38
DA:108,73
DA:109,73
DA:110,73
DA:111,38
DA:112,38
DA:113,38
DA:114,73
DA:115,73
DA:116,35
DA:117,35
DA:118,35
DA:119,1
DA:120,1
DA:121,1
DA:122,1
DA:123,35
DA:124,26
DA:125,26
DA:126,73
DA:127,38
DA:128,38
DA:129,38
DA:130,38
DA:131,73
DA:132,38
DA:133,10
DA:134,10
DA:135,10
DA:136,10
DA:137,10
DA:138,10
DA:139,10
DA:140,10
DA:141,35
DA:142,35
DA:143,35
DA:144,35
DA:145,35
DA:146,35
DA:147,35
DA:148,10
DA:149,10
DA:150,10
DA:151,72
DA:152,72
DA:153,72
DA:154,72
DA:155,72
DA:156,72
DA:157,72
DA:158,34
DA:159,34
DA:160,34
DA:161,38
DA:162,38
DA:163,72
DA:164,72
DA:165,10
DA:166,10
DA:167,10
DA:168,10
DA:169,1
DA:170,0
DA:171,0
DA:172,0
DA:173,0
DA:174,0
DA:175,0
DA:176,0
DA:177,0
DA:178,10
DA:179,10
DA:180,10
DA:181,10
DA:182,10
DA:183,10
DA:184,35
DA:185,35
DA:186,35
DA:187,3
DA:188,3
DA:189,35
DA:190,6
DA:191,6
DA:192,6
DA:193,6
DA:194,6
DA:195,3
DA:196,3
DA:197,10
DA:198,3
DA:199,3
DA:200,3
DA:201,3
DA:202,3
DA:203,3
DA:204,3
DA:205,3
DA:206,3
DA:207,3
DA:208,3
DA:209,3
DA:210,10
DA:211,10
DA:212,10
DA:213,10
DA:214,10
DA:215,10
DA:216,10
DA:217,10
DA:218,10
DA:219,10
DA:220,10
DA:221,35
DA:222,35
DA:223,3
DA:224,35
DA:225,32
DA:226,32
DA:227,35
DA:228,10
DA:229,1
DA:230,5
DA:231,5
DA:232,5
DA:233,5
DA:234,5
DA:235,5
DA:236,5
DA:237,5
DA:238,5
DA:239,5
DA:240,5
DA:241,5
DA:242,5
DA:243,18
DA:244,18
DA:245,18
DA:246,5
DA:247,5
DA:248,5
DA:249,5
DA:250,5
DA:251,5
DA:252,5
DA:253,3
DA:254,6
DA:255,6
DA:256,6
DA:257,6
DA:258,3
DA:259,5
DA:260,5
DA:261,5
DA:262,5
DA:263,5
DA:264,5
DA:265,5
DA:266,5
DA:267,5
DA:268,5
DA:269,18
DA:270,18
DA:271,5
DA:272,5
DA:273,5
DA:274,5
DA:275,5
DA:276,5
DA:277,5
DA:278,5
DA:279,5
DA:280,5
DA:281,24
DA:282,24
DA:283,24
DA:284,5
DA:285,17
DA:286,17
DA:287,17
DA:288,23
DA:289,23
DA:290,23
DA:291,17
DA:292,5
DA:293,5
DA:294,54
DA:295,72
DA:296,72
DA:297,57
DA:298,72
DA:299,54
DA:300,54
DA:301,54
DA:302,54
DA:303,54
DA:304,5
DA:305,5
DA:306,5
DA:307,5
DA:308,5
DA:309,5
DA:310,5
DA:311,5
DA:312,5
DA:313,15
DA:314,54
DA:315,54
DA:316,54
DA:317,54
DA:318,54
DA:319,54
DA:320,15
DA:321,5
DA:322,5
DA:323,5
DA:324,5
DA:325,5
DA:326,5
DA:327,5
DA:328,5
DA:329,5
DA:330,5
DA:331,18
DA:332,18
DA:333,18
DA:334,18
DA:335,18
DA:336,24
DA:337,24
DA:338,24
DA:339,24
DA:340,24
DA:341,18
DA:342,18
DA:343,18
DA:344,18
DA:345,18
DA:346,24
DA:347,6
DA:348,6
DA:349,24
DA:350,18
DA:351,5
DA:352,5
DA:353,5
DA:354,5
DA:355,5
DA:356,5
DA:357,5
DA:358,5
DA:359,5
DA:360,5
DA:361,5
DA:362,5
DA:363,5
DA:364,5
DA:365,5
DA:366,5
DA:367,5
DA:368,5
DA:369,5
DA:370,5
DA:371,5
DA:372,5
DA:373,5
DA:374,20
DA:375,20
DA:376,20
DA:377,5
DA:378,5
DA:379,15
DA:380,6
DA:381,6
DA:382,6
DA:383,6
DA:384,15
DA:385,15
DA:386,5
DA:387,5
DA:388,5
DA:389,5
DA:390,5
DA:391,5
DA:392,5
DA:393,5
DA:394,5
DA:395,5
DA:396,5
DA:397,5
DA:398,5
DA:399,5
DA:400,5
DA:401,0
DA:402,0
DA:403,0
DA:404,0
DA:405,0
DA:406,0
DA:407,5
DA:408,5
DA:409,5
DA:410,5
DA:411,5
DA:412,5
DA:413,5
DA:414,5
DA:415,15
DA:416,15
DA:417,15
DA:418,15
DA:419,15
DA:420,20
DA:421,20
DA:422,20
DA:423,20
DA:424,20
DA:425,20
DA:426,20
DA:427,20
DA:428,20
DA:429,20
DA:430,0
DA:431,0
DA:432,20
DA:433,15
DA:434,5
DA:435,5
DA:436,5
DA:437,5
DA:438,5
LH:373
LF:438
end_of_record
SF:src/console/graph/particles.ts
FN:43,setPulses
FN:47,resetMotion
FN:54,samplePolyline
FN:97,particleAlpha
FN:115,tick
FNDA:4,setPulses
FNDA:10,resetMotion
FNDA:819,samplePolyline
FNDA:821,particleAlpha
FNDA:812,tick
FNF:5
FNH:5
BRDA:39,0,0,7
BRDA:40,1,0,6
BRDA:40,2,0,5
BRDA:41,3,0,4
BRDA:41,4,0,3
BRDA:43,5,0,3
BRDA:46,6,0,4
BRDA:47,7,0,10
BRDA:54,8,0,819
BRDA:64,9,0,0
BRDA:65,10,0,0
BRDA:66,11,0,12
BRDA:66,12,0,807
BRDA:67,13,0,2
BRDA:70,14,0,805
BRDA:74,15,0,812
BRDA:80,16,0,805
BRDA:81,17,0,0
BRDA:81,18,0,805
BRDA:85,19,0,808
BRDA:87,20,0,3
BRDA:87,21,0,805
BRDA:88,22,0,0
BRDA:92,23,0,3
BRDA:94,24,0,0
BRDA:97,25,0,821
BRDA:105,26,0,810
BRDA:105,27,0,12
BRDA:105,28,0,809
BRDA:106,29,0,82
BRDA:106,30,0,727
BRDA:107,31,0,79
BRDA:107,32,0,648
BRDA:115,33,0,11
BRDA:119,34,0,5
BRDA:120,35,0,1
BRDA:123,36,0,6
BRDA:123,37,0,4
BRDA:123,38,0,7
BRDA:126,39,0,5
BRDA:127,40,0,406
BRDA:129,41,0,0
BRDA:130,42,0,812
BRDA:137,43,0,7
BRDA:140,44,0,4
BRDA:142,45,0,7
BRF:46
BRH:40
DA:1,0
DA:2,0
DA:3,0
DA:4,0
DA:5,0
DA:6,0
DA:7,0
DA:8,0
DA:9,0
DA:10,0
DA:11,1
DA:12,0
DA:13,0
DA:17,1
DA:18,0
DA:19,0
DA:20,0
DA:21,0
DA:22,1
DA:23,0
DA:24,0
DA:25,0
DA:26,1
DA:27,0
DA:28,0
DA:29,0
DA:30,0
DA:31,1
DA:32,0
DA:33,0
DA:34,1
DA:35,0
DA:36,0
DA:37,0
DA:38,0
DA:39,7
DA:40,7
DA:41,7
DA:42,7
DA:43,3
DA:44,3
DA:45,3
DA:46,3
DA:47,10
DA:48,10
DA:49,10
DA:50,10
DA:51,10
DA:52,10
DA:53,10
DA:54,819
DA:55,819
DA:56,819
DA:57,819
DA:58,819
DA:59,819
DA:60,819
DA:61,819
DA:62,819
DA:63,819
DA:64,819
DA:65,819
DA:66,819
DA:67,819
DA:68,2
DA:69,2
DA:70,2
DA:71,805
DA:72,805
DA:73,805
DA:74,819
DA:75,812
DA:76,812
DA:77,812
DA:78,812
DA:79,812
DA:80,812
DA:81,819
DA:82,805
DA:83,805
DA:84,805
DA:85,819
DA:86,808
DA:87,808
DA:88,805
DA:89,805
DA:90,805
DA:91,805
DA:92,805
DA:93,3
DA:94,3
DA:95,0
DA:96,819
DA:97,821
DA:98,821
DA:99,821
DA:100,821
DA:101,821
DA:102,821
DA:103,821
DA:104,821
DA:105,821
DA:106,821
DA:107,821
DA:108,821
DA:109,821
DA:110,1
DA:111,0
DA:112,0
DA:113,0
DA:114,0
DA:115,11
DA:116,11
DA:117,11
DA:118,11
DA:119,11
DA:120,5
DA:121,5
DA:122,11
DA:123,11
DA:124,7
DA:125,7
DA:126,11
DA:127,5
DA:128,406
DA:129,406
DA:130,406
DA:131,812
DA:132,812
DA:133,812
DA:134,812
DA:135,812
DA:136,406
DA:137,5
DA:138,7
DA:139,7
DA:140,11
DA:141,4
DA:142,4
DA:143,7
DA:144,11
DA:145,11
LH:111
LF:145
end_of_record
SF:src/console/graph/radial.ts
FN:31,anonymous_0
FN:34,layoutRadial
FN:39,anonymous_2
FN:40,anonymous_3
FN:78,anonymous_4
FN:80,anonymous_5
FN:89,anonymous_6
FN:100,anonymous_7
FNDA:32,anonymous_0
FNDA:69,layoutRadial
FNDA:34,anonymous_2
FNDA:34,anonymous_3
FNDA:11,anonymous_4
FNDA:13,anonymous_5
FNDA:6,anonymous_6
FNDA:15,anonymous_7
FNF:8
FNH:8
BRDA:30,0,0,32
BRDA:31,1,0,32
BRDA:31,2,0,13
BRDA:31,3,0,19
BRDA:31,4,0,0
BRDA:34,5,0,5
BRDA:48,6,0,33
BRDA:50,7,0,0
BRDA:51,8,0,1
BRDA:51,9,0,32
BRDA:52,10,0,0
BRDA:53,11,0,55
BRDA:54,12,0,27
BRDA:54,13,0,28
BRDA:58,14,0,32
BRDA:67,15,0,11
BRDA:69,16,0,69
BRDA:70,17,0,28
BRDA:72,18,0,0
BRDA:75,19,0,5
BRDA:81,20,0,6
BRDA:84,21,0,15
BRDA:85,22,0,0
BRDA:86,23,0,9
BRDA:89,24,0,9
BRDA:92,25,0,0
BRDA:95,26,0,9
BRDA:97,27,0,0
BRDA:106,28,0,11
BRDA:109,29,0,16
BRDA:110,30,0,33
BRDA:112,31,0,0
BRDA:113,32,0,0
BRDA:114,33,0,5
BRDA:114,34,0,28
BRDA:115,35,0,5
BRDA:115,36,0,28
BRDA:39,37,0,34
BRDA:40,38,0,34
BRDA:78,39,0,11
BRDA:78,40,0,0
BRDA:78,41,0,0
BRDA:80,42,0,13
BRDA:89,43,0,6
BRDA:89,44,0,0
BRDA:89,45,0,0
BRDA:100,46,0,15
BRF:47
BRH:34
DA:1,0
DA:2,0
DA:3,0
DA:4,0
DA:5,0
DA:6,0
DA:7,0
DA:8,0
DA:9,0
DA:10,0
DA:11,0
DA:12,0
DA:13,0
DA:14,0
DA:15,0
DA:16,0
DA:17,0
DA:18,0
DA:19,0
DA:20,0
DA:21,0
DA:22,0
DA:23,0
DA:24,1
DA:26,1
DA:27,0
DA:28,0
DA:29,1
DA:30,32
DA:31,32
DA:32,32
DA:33,1
DA:34,5
DA:35,5
DA:36,5
DA:37,5
DA:38,5
DA:39,5
DA:40,5
DA:41,5
DA:42,5
DA:43,5
DA:44,5
DA:45,5
DA:46,5
DA:47,5
DA:48,5
DA:49,33
DA:50,33
DA:51,33
DA:52,33
DA:53,33
DA:54,55
DA:55,28
DA:56,28
DA:57,28
DA:58,28
DA:59,32
DA:60,5
DA:61,5
DA:62,5
DA:63,5
DA:64,5
DA:65,5
DA:66,5
DA:67,5
DA:68,11
DA:69,11
DA:70,69
DA:71,69
DA:72,11
DA:73,11
DA:74,11
DA:75,11
DA:76,5
DA:77,5
DA:78,5
DA:79,5
DA:80,5
DA:81,11
DA:82,6
DA:83,6
DA:84,6
DA:85,15
DA:86,15
DA:87,15
DA:88,15
DA:89,6
DA:90,6
DA:91,6
DA:92,6
DA:93,6
DA:94,6
DA:95,6
DA:96,9
DA:97,9
DA:98,9
DA:99,9
DA:100,9
DA:101,9
DA:102,9
DA:103,9
DA:104,6
DA:105,11
DA:106,11
DA:107,11
DA:108,11
DA:109,5
DA:110,16
DA:111,33
DA:112,33
DA:113,33
DA:114,33
DA:115,33
DA:116,33
DA:117,33
DA:118,33
DA:119,16
DA:120,5
DA:121,5
DA:122,5
LH:97
LF:122
end_of_record
SF:src/console/graph/types.ts
FNF:0
FNH:0
BRDA:53,0,0,0
BRF:1
BRH:0
DA:1,0
DA:2,0
DA:3,0
DA:4,0
DA:5,0
DA:6,0
DA:7,1
DA:9,1
DA:10,0
DA:11,0
DA:12,0
DA:13,0
DA:14,0
DA:26,1
DA:27,0
DA:28,0
DA:29,0
DA:30,0
DA:31,0
DA:32,0
DA:46,1
DA:47,0
DA:48,0
DA:49,0
DA:51,1
DA:52,0
DA:53,0
DA:54,0
DA:55,1
DA:56,0
DA:73,1
DA:74,0
DA:76,1
DA:77,0
DA:78,0
DA:79,0
DA:80,0
DA:108,1
DA:109,0
DA:110,0
DA:111,0
DA:112,0
LH:88
LF:121
end_of_record
SF:src/console/home.ts
FN:75,inWindow
FN:86,launcherTagline
FN:88,anonymous_2
FNDA:1728,inWindow
FNDA:72,launcherTagline
FNDA:1728,anonymous_2
FNF:3
FNH:3
BRDA:68,0,0,26
BRDA:75,1,0,1728
BRDA:80,2,0,1440
BRDA:80,3,0,1003
BRDA:80,4,0,288
BRDA:80,5,0,232
BRDA:86,6,0,72
BRDA:88,7,0,1728
BRF:8
BRH:8
DA:1,0
DA:2,0
DA:3,0
DA:4,0
DA:5,0
DA:6,0
DA:7,0
DA:8,0
DA:9,0
DA:10,0
DA:11,0
DA:12,1
DA:13,0
DA:19,1
DA:20,0
DA:21,0
DA:22,0
DA:23,0
DA:24,0
DA:25,0
DA:30,0
DA:31,0
DA:32,0
DA:33,0
DA:34,0
DA:35,0
DA:36,0
DA:37,0
DA:38,0
DA:39,0
DA:40,0
DA:41,0
DA:42,0
DA:43,0
DA:44,0
DA:45,0
DA:46,0
DA:47,0
DA:48,0
DA:49,0
DA:50,0
DA:51,0
DA:52,0
DA:53,0
DA:54,0
DA:55,0
DA:56,1
DA:57,0
DA:58,0
DA:59,0
DA:60,0
DA:61,0
DA:62,0
DA:63,0
DA:64,0
DA:65,0
DA:66,0
DA:67,0
DA:68,26
DA:69,26
DA:70,26
DA:71,26
DA:72,26
DA:73,26
DA:74,26
DA:75,1728
DA:76,1728
DA:77,1728
DA:78,1728
DA:79,1728
DA:80,1728
DA:81,1728
DA:82,1
DA:83,0
DA:84,0
DA:85,0
DA:86,72
DA:87,72
DA:88,72
DA:89,72
DA:90,72
DA:91,1
DA:92,0
DA:93,0
DA:94,0
DA:95,0
DA:96,0
DA:97,0
DA:98,0
DA:99,0
DA:100,0
DA:101,0
DA:102,0
DA:103,1
DA:104,0
DA:105,0
DA:106,0
DA:107,0
DA:108,0
DA:109,0
DA:110,0
DA:111,0
DA:112,0
DA:113,0
DA:114,0
DA:115,0
DA:116,0
DA:117,0
DA:118,0
DA:119,0
DA:120,0
DA:121,0
DA:122,0
DA:123,0
DA:124,0
DA:125,0
DA:126,0
DA:127,0
DA:128,1
DA:129,0
DA:130,0
DA:131,0
DA:132,0
DA:133,0
DA:134,0
DA:135,0
DA:136,0
DA:137,0
DA:138,0
DA:139,0
DA:140,0
DA:141,0
DA:142,0
DA:143,1
DA:144,0
DA:145,0
DA:146,0
DA:147,0
DA:148,1
DA:149,0
DA:150,0
DA:151,0
DA:152,0
DA:153,0
DA:154,0
DA:155,0
DA:156,0
DA:157,0
DA:158,0
DA:159,0
DA:160,0
DA:161,0
DA:162,0
DA:163,0
DA:164,0
DA:165,0
DA:166,0
DA:167,0
DA:168,0
DA:169,0
DA:170,0
DA:171,0
DA:172,0
DA:173,0
DA:174,0
DA:175,0
DA:176,0
DA:177,0
DA:178,0
DA:179,0
DA:180,0
DA:181,0
DA:182,0
DA:183,0
DA:184,0
DA:185,0
DA:186,0
DA:187,0
DA:188,0
DA:189,0
DA:190,1
DA:191,0
DA:192,0
DA:193,0
DA:194,0
DA:195,0
DA:196,0
DA:197,0
DA:198,0
DA:199,0
DA:200,0
DA:201,0
DA:202,0
DA:203,0
DA:204,0
DA:205,0
DA:206,0
DA:207,0
DA:208,0
DA:209,0
DA:210,0
DA:211,0
DA:212,0
DA:213,0
DA:214,0
DA:215,0
DA:216,1
DA:217,0
DA:218,0
DA:219,0
DA:220,0
DA:221,0
DA:222,0
DA:223,0
DA:224,0
DA:225,0
DA:226,0
DA:227,0
DA:228,0
DA:229,0
DA:230,0
DA:231,0
DA:232,0
DA:233,0
DA:234,0
DA:235,0
DA:236,0
DA:237,0
DA:238,0
DA:239,0
DA:240,0
DA:241,1
DA:242,0
DA:243,0
DA:244,0
DA:245,0
DA:246,0
DA:247,0
DA:248,0
DA:249,0
DA:250,0
DA:251,0
DA:252,0
DA:253,0
DA:254,0
DA:255,0
DA:256,0
DA:257,0
DA:258,0
DA:259,0
DA:260,0
DA:261,0
DA:262,0
DA:263,0
DA:264,0
DA:265,0
DA:266,0
DA:267,0
DA:268,0
DA:269,0
DA:270,0
DA:271,1
DA:272,0
DA:273,0
DA:274,1
DA:275,0
DA:276,0
DA:277,0
DA:278,0
DA:279,0
DA:280,0
DA:281,0
DA:282,0
DA:283,0
DA:284,0
DA:285,0
DA:286,0
DA:287,0
DA:288,0
DA:289,0
DA:290,0
DA:291,0
DA:292,0
DA:293,1
DA:294,0
DA:295,0
DA:296,0
DA:297,0
DA:298,0
DA:299,0
DA:300,0
DA:301,0
DA:302,0
DA:303,0
DA:304,0
DA:305,0
DA:306,0
DA:307,0
DA:308,1
DA:309,0
DA:310,0
DA:311,0
LH:44
LF:311
end_of_record
SF:src/console/keybindings.ts
FN:95,anonymous_0
FNDA:9,anonymous_0
FNF:1
FNH:1
BRDA:90,0,0,3
BRDA:95,1,0,9
BRDA:97,2,0,2
BRDA:97,3,0,7
BRDA:97,4,0,0
BRDA:98,5,0,7
BRDA:99,6,0,2
BRDA:100,7,0,1
BRDA:101,8,0,1
BRDA:103,9,0,0
BRF:10
BRH:8
DA:1,0
DA:2,0
DA:3,0
DA:4,0
DA:5,1
DA:6,0
DA:7,0
DA:8,0
DA:9,0
DA:10,0
DA:11,0
DA:12,0
DA:15,0
DA:17,0
DA:18,1
DA:19,0
DA:20,1
DA:21,0
DA:22,0
DA:23,0
DA:24,0
DA:25,0
DA:26,0
DA:27,1
DA:28,0
DA:29,0
DA:30,0
DA:31,0
DA:32,0
DA:33,0
DA:34,0
DA:35,0
DA:36,0
DA:37,0
DA:38,0
DA:39,0
DA:40,0
DA:41,0
DA:42,0
DA:43,0
DA:44,0
DA:45,0
DA:46,0
DA:47,0
DA:48,0
DA:49,0
DA:50,0
DA:51,1
DA:52,0
DA:53,0
DA:54,0
DA:55,0
DA:56,0
DA:57,0
DA:58,0
DA:59,0
DA:60,0
DA:61,1
DA:62,0
DA:63,0
DA:64,0
DA:65,0
DA:66,0
DA:67,0
DA:68,0
DA:69,0
DA:70,0
DA:71,0
DA:72,0
DA:73,0
DA:74,0
DA:75,0
DA:76,0
DA:77,1
DA:78,0
DA:79,0
DA:87,1
DA:88,0
DA:89,0
DA:90,3
DA:91,3
DA:92,3
DA:93,3
DA:94,3
DA:95,3
DA:96,9
DA:97,9
DA:98,9
DA:99,9
DA:100,2
DA:101,2
DA:102,9
DA:103,9
DA:104,3
DA:105,3
DA:106,1
DA:107,0
DA:108,0
DA:114,1
DA:115,0
DA:116,0
DA:117,0
DA:126,1
DA:132,1
DA:133,0
DA:134,0
DA:135,0
DA:136,0
DA:137,0
DA:138,0
DA:139,1
DA:140,0
DA:141,0
DA:142,0
DA:143,0
DA:144,0
DA:145,0
DA:146,0
DA:147,1
DA:148,0
DA:149,0
DA:150,0
DA:151,0
DA:152,0
DA:153,0
DA:154,0
DA:155,0
DA:156,0
DA:157,1
DA:158,0
DA:159,0
DA:160,0
DA:161,0
DA:162,0
DA:163,0
DA:164,0
DA:165,0
DA:166,0
DA:167,0
DA:168,1
DA:169,0
DA:170,0
DA:171,0
DA:172,0
DA:173,0
DA:174,0
DA:175,0
DA:176,0
DA:177,0
DA:178,0
DA:179,0
DA:180,0
DA:181,1
DA:182,0
DA:183,0
DA:184,0
DA:185,0
DA:186,0
DA:187,0
DA:188,0
DA:189,0
DA:190,0
DA:191,0
DA:192,0
DA:193,0
DA:194,0
DA:195,0
DA:196,0
DA:197,0
DA:198,0
DA:199,0
DA:200,0
DA:201,1
DA:202,0
DA:203,0
DA:204,0
DA:205,0
DA:206,0
DA:207,0
DA:208,0
DA:209,0
DA:210,0
DA:211,0
DA:212,0
DA:213,0
DA:214,0
DA:215,0
DA:216,0
DA:217,0
DA:218,0
DA:219,0
DA:220,0
DA:221,0
DA:222,0
DA:223,0
DA:224,0
DA:225,0
DA:226,0
DA:227,0
DA:228,0
DA:229,0
DA:230,0
DA:231,0
DA:232,0
DA:233,0
DA:234,0
DA:235,0
DA:236,0
DA:237,0
DA:238,0
DA:239,0
DA:240,0
DA:241,0
DA:242,0
DA:243,0
DA:244,0
DA:245,0
DA:246,1
DA:247,0
DA:248,0
DA:249,0
DA:250,0
DA:251,0
DA:252,0
DA:253,0
DA:254,0
DA:255,0
DA:256,0
DA:257,0
DA:258,0
DA:259,0
DA:260,0
DA:261,0
DA:262,0
DA:263,0
DA:264,1
DA:265,0
DA:266,0
DA:267,0
DA:268,0
DA:269,0
DA:270,0
DA:271,0
DA:272,0
DA:273,0
DA:274,0
DA:275,0
DA:276,0
DA:277,0
DA:278,1
DA:279,0
DA:280,0
DA:281,0
DA:282,0
DA:283,0
DA:284,0
DA:285,0
DA:286,0
DA:287,0
DA:288,0
DA:289,1
DA:290,0
DA:291,0
DA:292,0
DA:293,0
DA:294,0
DA:295,0
DA:296,0
DA:297,0
DA:298,0
DA:299,0
DA:300,0
DA:301,0
DA:302,0
DA:303,0
DA:304,0
DA:305,0
DA:306,0
DA:307,0
DA:308,0
DA:309,0
DA:310,0
DA:311,0
DA:312,0
DA:313,0
DA:314,0
DA:315,0
DA:316,0
DA:317,0
DA:318,0
DA:319,0
DA:320,1
DA:321,0
DA:322,0
DA:323,0
DA:324,0
DA:325,1
DA:326,0
DA:327,0
DA:328,0
DA:329,0
DA:330,0
DA:331,0
DA:332,0
DA:333,0
DA:334,0
DA:335,0
DA:336,0
DA:337,0
DA:338,0
DA:339,0
DA:340,0
DA:341,0
DA:342,1
DA:343,0
DA:344,0
DA:345,0
DA:346,0
DA:347,0
DA:348,0
DA:349,0
DA:350,0
DA:351,0
DA:352,1
DA:353,0
DA:354,0
DA:355,0
DA:356,0
DA:357,0
DA:358,0
DA:359,0
DA:360,0
DA:361,0
DA:362,0
DA:363,0
DA:364,0
DA:365,0
DA:366,0
DA:367,0
DA:368,0
DA:369,0
DA:370,0
DA:371,0
DA:372,0
DA:373,0
DA:374,1
DA:375,0
DA:376,0
DA:377,0
DA:378,0
DA:379,0
DA:380,1
DA:381,0
DA:382,0
DA:383,0
DA:384,0
DA:385,0
DA:386,0
DA:387,0
DA:388,0
DA:389,0
DA:390,0
DA:391,1
DA:392,0
DA:393,0
DA:394,0
DA:395,0
DA:396,0
DA:397,0
DA:398,0
DA:399,0
DA:400,0
DA:401,0
DA:402,0
DA:403,0
DA:404,0
DA:405,1
DA:406,0
DA:407,0
LH:74
LF:407
end_of_record
SF:src/console/logs/query.ts
FNF:0
FNH:0
BRDA:16,0,0,13
BRDA:19,1,0,1
BRDA:19,2,0,15
BRDA:20,3,0,2
BRDA:20,4,0,13
BRDA:22,5,0,8
BRDA:25,6,0,6
BRDA:25,7,0,4
BRDA:25,8,0,3
BRDA:28,9,0,5
BRDA:29,10,0,3
BRDA:29,11,0,1
BRDA:34,12,0,9
BRDA:37,13,0,10
BRF:14
BRH:14
DA:1,0
DA:2,0
DA:3,0
DA:4,0
DA:5,0
DA:6,0
DA:7,0
DA:8,0
DA:9,0
DA:10,0
DA:11,0
DA:12,0
DA:13,1
DA:15,1
DA:16,13
DA:17,13
DA:18,13
DA:19,13
DA:20,15
DA:21,13
DA:22,15
DA:23,8
DA:24,8
DA:25,8
DA:26,3
DA:27,3
DA:28,3
DA:29,8
DA:30,1
DA:31,1
DA:32,1
DA:33,8
DA:34,8
DA:35,9
DA:36,9
DA:37,13
DA:38,13
LH:26
LF:38
end_of_record
SF:src/console/render/ansi.ts
FN:67,parseAnsi
FN:79,push
FN:94,applySGR
FN:97,anonymous_3
FN:114,classesFor
FNDA:6,parseAnsi
FNDA:10,push
FNDA:3,applySGR
FNDA:3,anonymous_3
FNDA:6,classesFor
FNF:5
FNH:5
BRDA:46,0,0,6
BRDA:67,1,0,4
BRDA:83,2,0,6
BRDA:88,3,0,3
BRDA:92,4,0,1
BRDA:79,5,0,10
BRDA:80,6,0,4
BRDA:80,7,0,6
BRDA:94,8,0,3
BRDA:97,9,0,0
BRDA:99,10,0,1
BRDA:102,11,0,2
BRDA:102,12,0,0
BRDA:103,13,0,0
BRDA:104,14,0,0
BRDA:105,15,0,0
BRDA:106,16,0,0
BRDA:109,17,0,0
BRDA:110,18,0,0
BRDA:111,19,0,0
BRDA:97,20,0,3
BRDA:114,21,0,6
BRDA:118,22,0,0
BRDA:119,23,0,0
BRDA:120,24,0,0
BRDA:121,25,0,0
BRDA:122,26,0,3
BRF:27
BRH:14
DA:1,0
DA:2,0
DA:3,0
DA:4,0
DA:5,0
DA:6,1
DA:7,0
DA:12,1
DA:13,0
DA:21,1
DA:22,0
DA:23,0
DA:24,0
DA:25,0
DA:26,0
DA:27,0
DA:28,0
DA:29,0
DA:30,0
DA:31,1
DA:32,0
DA:33,0
DA:34,0
DA:35,0
DA:36,1
DA:37,0
DA:38,0
DA:39,0
DA:40,0
DA:41,0
DA:42,0
DA:43,0
DA:44,0
DA:45,1
DA:46,6
DA:47,6
DA:48,6
DA:49,1
DA:50,0
DA:51,0
DA:52,0
DA:53,0
DA:54,0
DA:55,0
DA:56,0
DA:57,0
DA:58,0
DA:59,0
DA:60,0
DA:61,0
DA:62,0
DA:63,0
DA:64,0
DA:65,0
DA:66,0
DA:67,4
DA:68,4
DA:69,4
DA:70,4
DA:71,4
DA:72,4
DA:73,4
DA:74,4
DA:75,4
DA:76,4
DA:77,4
DA:78,4
DA:79,4
DA:80,10
DA:81,10
DA:82,4
DA:83,4
DA:84,6
DA:85,6
DA:86,6
DA:87,6
DA:88,6
DA:89,6
DA:90,6
DA:91,4
DA:92,4
DA:93,4
DA:94,3
DA:95,3
DA:96,3
DA:97,3
DA:98,3
DA:99,3
DA:100,1
DA:101,1
DA:102,3
DA:103,2
DA:104,2
DA:105,2
DA:106,2
DA:107,0
DA:108,0
DA:109,2
DA:110,2
DA:111,2
DA:112,3
DA:113,3
DA:114,6
DA:115,6
DA:116,6
DA:117,6
DA:118,6
DA:119,6
DA:120,6
DA:121,6
DA:122,6
DA:123,6
DA:124,6
LH:77
LF:124
end_of_record
SF:src/console/settings/model.ts
FN:114,isRecord
FN:116,isKeymap
FN:122,anonymous_2
FN:125,isStr
FN:127,isNumberMap
FN:132,anonymous_5
FN:138,importSettings
FN:159,skip
FN:189,skipLayout
FN:215,anonymous_9
FN:216,anonymous_10
FN:253,computePendingChanges
FN:304,diffLines
FN:324,anonymous_13
FNDA:88,isRecord
FNDA:16,isKeymap
FNDA:5,anonymous_2
FNDA:6,isStr
FNDA:3,isNumberMap
FNDA:6,anonymous_5
FNDA:23,importSettings
FNDA:60,skip
FNDA:54,skipLayout
FNDA:25,anonymous_9
FNDA:12,anonymous_10
FNDA:6,computePendingChanges
FNDA:606,diffLines
FNDA:40,anonymous_13
FNF:14
FNH:14
BRDA:34,0,0,5
BRDA:114,1,0,88
BRDA:115,2,0,49
BRDA:115,3,0,48
BRDA:116,4,0,16
BRDA:122,5,0,5
BRDA:122,6,0,5
BRDA:125,7,0,6
BRDA:127,8,0,3
BRDA:132,9,0,6
BRDA:132,10,0,5
BRDA:138,11,0,23
BRDA:146,12,0,1
BRDA:148,13,0,22
BRDA:149,14,0,18
BRDA:149,15,0,6
BRDA:151,16,0,16
BRDA:163,17,0,4
BRDA:163,18,0,4
BRDA:166,19,0,12
BRDA:166,20,0,16
BRDA:167,21,0,8
BRDA:170,22,0,16
BRDA:171,23,0,15
BRDA:171,24,0,3
BRDA:174,25,0,13
BRDA:174,26,0,16
BRDA:175,27,0,2
BRDA:178,28,0,14
BRDA:178,29,0,16
BRDA:179,30,0,3
BRDA:182,31,0,13
BRDA:182,32,0,16
BRDA:186,33,0,5
BRDA:186,34,0,11
BRDA:193,35,0,16
BRDA:193,36,0,2
BRDA:196,37,0,14
BRDA:196,38,0,16
BRDA:197,39,0,3
BRDA:197,40,0,2
BRDA:200,41,0,14
BRDA:200,42,0,16
BRDA:201,43,0,4
BRDA:201,44,0,4
BRDA:204,45,0,12
BRDA:204,46,0,16
BRDA:205,47,0,3
BRDA:205,48,0,2
BRDA:208,49,0,14
BRDA:208,50,0,16
BRDA:210,51,0,4
BRDA:210,52,0,2
BRDA:212,53,0,14
BRDA:222,54,0,1
BRDA:222,55,0,13
BRDA:159,56,0,60
BRDA:160,57,0,6
BRDA:189,58,0,54
BRDA:190,59,0,4
BRDA:215,60,0,25
BRDA:216,61,0,12
BRDA:253,62,0,6
BRDA:259,63,0,1
BRDA:267,64,0,1
BRDA:275,65,0,1
BRDA:283,66,0,0
BRDA:294,67,0,3
BRDA:304,68,0,5
BRDA:325,69,0,35
BRDA:326,70,0,606
BRDA:327,71,0,32
BRDA:327,72,0,574
BRDA:333,73,0,38
BRDA:333,74,0,38
BRDA:334,75,0,32
BRDA:338,76,0,6
BRDA:338,77,0,3
BRDA:346,78,0,0
BRDA:350,79,0,0
BRDA:324,80,0,40
BRF:81
BRH:78
DA:1,0
DA:2,0
DA:3,0
DA:4,0
DA:5,0
DA:6,0
DA:7,0
DA:8,0
DA:9,0
DA:10,0
DA:11,0
DA:12,0
DA:13,0
DA:14,0
DA:15,0
DA:16,0
DA:17,0
DA:18,0
DA:19,0
DA:20,0
DA:21,0
DA:22,0
DA:23,0
DA:24,0
DA:25,1
DA:28,1
DA:29,0
DA:30,0
DA:32,1
DA:33,0
DA:34,5
DA:35,5
DA:36,5
DA:44,5
DA:45,5
DA:46,5
DA:53,5
DA:59,5
DA:60,5
DA:61,5
DA:62,5
DA:63,5
DA:64,5
DA:65,5
DA:66,5
DA:67,5
DA:68,5
DA:69,5
DA:70,5
DA:71,5
DA:72,5
DA:73,5
DA:74,5
DA:75,5
DA:76,5
DA:77,5
DA:78,5
DA:79,5
DA:80,1
DA:81,0
DA:82,0
DA:83,0
DA:84,0
DA:85,0
DA:86,0
DA:101,1
DA:102,0
DA:103,0
DA:104,0
DA:105,1
DA:106,0
DA:107,0
DA:108,0
DA:109,0
DA:110,0
DA:111,0
DA:112,0
DA:113,1
DA:114,88
DA:115,88
DA:116,16
DA:117,16
DA:118,16
DA:119,16
DA:120,16
DA:121,16
DA:122,16
DA:123,16
DA:124,1
DA:125,6
DA:126,6
DA:127,3
DA:128,3
DA:129,3
DA:130,3
DA:131,3
DA:132,3
DA:133,3
DA:134,1
DA:135,0
DA:136,0
DA:137,0
DA:138,23
DA:139,23
DA:140,23
DA:141,23
DA:142,23
DA:143,23
DA:144,23
DA:145,23
DA:146,23
DA:147,1
DA:148,1
DA:149,23
DA:150,6
DA:151,6
DA:152,16
DA:153,16
DA:154,16
DA:155,16
DA:156,16
DA:157,16
DA:158,16
DA:159,16
DA:160,60
DA:161,16
DA:162,16
DA:163,23
DA:164,4
DA:165,4
DA:166,23
DA:167,23
DA:168,8
DA:169,8
DA:170,23
DA:171,23
DA:172,3
DA:173,3
DA:174,23
DA:175,23
DA:176,2
DA:177,2
DA:178,23
DA:179,23
DA:180,3
DA:181,3
DA:182,23
DA:183,16
DA:184,16
DA:185,16
DA:186,23
DA:187,23
DA:188,23
DA:189,23
DA:190,54
DA:191,23
DA:192,23
DA:193,23
DA:194,2
DA:195,2
DA:196,23
DA:197,23
DA:198,2
DA:199,2
DA:200,23
DA:201,23
DA:202,4
DA:203,4
DA:204,23
DA:205,23
DA:206,2
DA:207,2
DA:208,23
DA:209,16
DA:210,23
DA:211,2
DA:212,2
DA:213,14
DA:214,14
DA:215,14
DA:216,14
DA:217,14
DA:218,14
DA:219,14
DA:220,14
DA:221,14
DA:222,23
DA:223,23
DA:224,23
DA:225,1
DA:226,0
DA:227,0
DA:228,0
DA:235,1
DA:236,0
DA:237,0
DA:238,0
DA:239,0
DA:249,1
DA:250,0
DA:251,0
DA:252,0
DA:253,6
DA:254,6
DA:255,6
DA:256,6
DA:257,6
DA:258,6
DA:259,6
DA:260,1
DA:261,1
DA:262,1
DA:263,1
DA:264,1
DA:265,1
DA:266,1
DA:267,6
DA:268,1
DA:269,1
DA:270,1
DA:271,1
DA:272,1
DA:273,1
DA:274,1
DA:275,6
DA:276,1
DA:277,1
DA:278,1
DA:279,1
DA:280,1
DA:281,1
DA:282,1
DA:283,6
DA:284,0
DA:285,0
DA:286,0
DA:287,0
DA:288,0
DA:289,0
DA:290,0
DA:291,6
DA:292,6
DA:293,6
DA:294,6
DA:295,3
DA:296,3
DA:297,3
DA:298,3
DA:299,3
DA:300,3
DA:301,3
DA:302,6
DA:303,6
DA:304,5
DA:305,5
DA:306,5
DA:307,5
DA:308,5
DA:314,5
DA:315,5
DA:316,5
DA:317,5
DA:318,5
DA:319,5
DA:320,5
DA:321,5
DA:322,5
DA:323,5
DA:324,5
DA:325,5
DA:326,35
DA:327,606
DA:328,606
DA:329,35
DA:330,5
DA:331,5
DA:332,5
DA:333,5
DA:334,38
DA:335,32
DA:336,32
DA:337,32
DA:338,38
DA:339,3
DA:340,3
DA:341,3
DA:342,3
DA:343,3
DA:344,3
DA:345,38
DA:346,5
DA:347,0
DA:348,0
DA:349,0
DA:350,5
DA:351,0
DA:352,0
DA:353,0
DA:354,5
DA:355,5
DA:356,1
DA:357,0
DA:358,0
DA:359,0
DA:360,0
DA:361,0
DA:362,0
DA:363,0
DA:364,0
DA:365,0
DA:366,0
DA:367,0
DA:368,0
DA:369,0
DA:370,0
DA:371,0
DA:372,0
DA:373,0
DA:374,0
DA:375,0
DA:376,0
DA:377,0
DA:378,0
DA:379,0
DA:380,0
DA:381,0
DA:382,0
LH:287
LF:382
end_of_record
SF:src/console/tabBar.ts
FN:28,anonymous_0
FNDA:3,anonymous_0
FNF:1
FNH:1
BRDA:27,0,0,3
BRDA:28,1,0,3
BRF:2
BRH:2
DA:1,0
DA:2,0
DA:3,0
DA:4,0
DA:5,0
DA:6,0
DA:7,0
DA:8,0
DA:9,0
DA:10,0
DA:11,0
DA:12,0
DA:13,0
DA:14,1
DA:15,0
DA:17,0
DA:18,1
DA:19,0
DA:25,1
DA:26,0
DA:27,3
DA:28,3
DA:29,3
DA:30,1
DA:31,0
DA:32,0
DA:33,0
DA:34,0
DA:35,0
DA:43,1
DA:48,1
DA:49,0
DA:50,0
DA:51,0
DA:52,0
DA:53,0
DA:54,0
DA:55,0
DA:56,0
DA:57,0
DA:58,0
DA:59,0
DA:60,0
DA:61,0
DA:62,0
DA:63,0
DA:64,0
DA:65,0
DA:66,0
DA:67,1
DA:68,0
DA:69,0
DA:70,0
DA:71,0
DA:72,0
DA:73,0
DA:74,0
DA:75,0
DA:76,1
DA:77,0
DA:78,0
DA:79,0
DA:80,0
DA:81,0
DA:82,1
DA:83,0
DA:84,0
DA:85,0
DA:86,0
DA:87,0
DA:88,0
DA:89,0
DA:90,0
DA:91,0
DA:92,0
DA:93,0
DA:94,0
DA:95,0
DA:96,1
DA:97,0
DA:98,0
DA:99,0
DA:100,0
DA:101,0
DA:102,0
DA:103,0
DA:104,0
DA:105,0
DA:106,0
DA:107,0
DA:108,0
DA:109,0
DA:110,0
DA:111,0
DA:112,0
DA:113,0
DA:114,0
DA:115,0
DA:116,0
DA:117,0
DA:118,0
DA:119,0
DA:120,0
DA:121,0
DA:122,1
DA:123,0
DA:124,0
DA:125,0
DA:126,0
DA:127,0
DA:128,0
DA:129,0
DA:130,0
DA:131,0
DA:132,0
DA:133,0
DA:134,0
DA:135,0
DA:136,0
DA:137,0
DA:138,1
DA:139,0
DA:140,0
DA:141,0
DA:142,0
DA:143,0
DA:144,0
DA:145,0
DA:146,0
DA:147,0
DA:148,0
DA:149,0
DA:150,0
DA:151,0
DA:152,0
DA:153,0
DA:154,0
DA:155,0
DA:156,0
DA:157,0
DA:158,1
DA:159,0
DA:160,0
DA:161,1
DA:162,0
DA:163,0
DA:164,0
DA:165,1
DA:166,0
DA:167,0
DA:168,0
DA:169,0
DA:170,0
DA:171,1
DA:172,0
DA:173,0
DA:174,0
DA:175,0
DA:176,0
DA:177,0
DA:178,0
DA:179,0
DA:180,0
DA:181,0
DA:182,0
DA:183,0
DA:184,0
DA:185,0
DA:186,0
DA:187,1
DA:188,0
DA:189,0
DA:190,0
DA:191,0
DA:192,0
DA:193,0
DA:194,0
DA:195,0
DA:196,0
DA:197,0
DA:198,0
DA:199,0
DA:200,0
DA:201,0
DA:202,0
DA:203,0
DA:204,0
DA:205,0
DA:206,0
DA:207,0
DA:208,0
DA:209,0
DA:210,0
DA:211,0
DA:212,0
DA:213,0
DA:214,0
DA:215,0
DA:216,0
DA:217,0
DA:218,0
DA:219,0
DA:220,0
DA:221,0
DA:222,0
DA:223,0
DA:224,0
DA:225,0
DA:226,0
DA:227,0
DA:228,0
DA:229,0
DA:230,0
DA:231,0
DA:232,0
DA:233,0
DA:234,0
DA:235,0
DA:236,0
DA:237,0
DA:238,0
DA:239,0
DA:240,0
DA:241,0
DA:242,0
DA:243,0
DA:244,0
DA:245,0
DA:246,0
DA:247,0
DA:248,0
DA:249,0
DA:250,0
DA:251,0
DA:252,0
DA:253,0
DA:254,0
DA:255,0
DA:256,0
DA:257,0
DA:258,0
DA:259,0
DA:260,0
DA:261,0
DA:262,0
DA:263,0
DA:264,0
DA:265,0
DA:266,0
DA:267,0
DA:268,0
DA:269,0
DA:270,0
DA:271,0
DA:272,0
DA:273,0
DA:274,0
DA:275,0
DA:276,0
DA:277,0
DA:278,0
DA:279,0
DA:280,0
DA:281,0
DA:282,0
DA:283,1
DA:284,0
DA:285,0
DA:286,0
DA:287,0
DA:288,0
DA:289,0
DA:290,0
DA:291,0
DA:292,0
DA:293,0
DA:294,0
DA:295,0
DA:296,0
DA:297,0
DA:298,0
DA:299,0
DA:300,0
DA:301,1
DA:302,0
DA:303,0
DA:304,0
DA:305,0
DA:306,1
DA:307,0
DA:308,0
DA:309,0
DA:310,0
DA:311,0
DA:312,0
DA:313,1
DA:314,0
DA:315,0
DA:316,0
DA:317,0
DA:318,0
DA:319,0
DA:320,0
DA:321,0
DA:322,0
DA:323,0
DA:324,0
DA:325,0
DA:326,0
DA:327,0
LH:41
LF:327
end_of_record
SF:src/console/tabs.ts
FN:37,anonymous_0
FN:36,openTab
FN:47,closeTab
FN:48,anonymous_3
FN:50,anonymous_4
FN:60,setActive
FN:61,anonymous_6
FN:64,setLayout
FN:71,anonymous_8
FN:73,anonymous_9
FNDA:11,anonymous_0
FNDA:20,openTab
FNDA:5,closeTab
FNDA:6,anonymous_3
FNDA:8,anonymous_4
FNDA:5,setActive
FNDA:7,anonymous_6
FNDA:3,setLayout
FNDA:3,anonymous_8
FNDA:3,anonymous_9
FNF:10
FNH:10
BRDA:31,0,0,2
BRDA:37,1,0,0
BRDA:37,2,0,11
BRDA:36,3,0,20
BRDA:37,4,0,1
BRDA:39,5,0,19
BRDA:47,6,0,5
BRDA:49,7,0,1
BRDA:49,8,0,4
BRDA:51,9,0,1
BRDA:51,10,0,3
BRDA:52,11,0,1
BRDA:52,12,0,2
BRDA:48,13,0,6
BRDA:50,14,0,8
BRDA:60,15,0,5
BRDA:61,16,0,1
BRDA:61,17,0,4
BRDA:62,18,0,1
BRDA:62,19,0,3
BRDA:61,20,0,7
BRDA:64,21,0,3
BRDA:71,22,0,1
BRDA:71,23,0,2
BRDA:71,24,0,3
BRDA:73,25,0,3
BRDA:73,26,0,2
BRDA:73,27,0,1
BRF:28
BRH:27
DA:1,0
DA:2,0
DA:3,0
DA:4,0
DA:5,0
DA:6,0
DA:7,0
DA:8,0
DA:9,0
DA:10,1
DA:11,0
DA:13,1
DA:14,0
DA:15,0
DA:16,0
DA:17,0
DA:18,0
DA:25,1
DA:30,1
DA:31,2
DA:32,2
DA:33,2
DA:34,2
DA:35,2
DA:36,2
DA:37,20
DA:38,1
DA:39,1
DA:40,20
DA:41,20
DA:42,1
DA:43,0
DA:44,0
DA:45,0
DA:46,0
DA:47,5
DA:48,5
DA:49,5
DA:50,4
DA:51,5
DA:52,5
DA:53,2
DA:54,2
DA:55,5
DA:56,5
DA:57,1
DA:58,0
DA:59,0
DA:60,5
DA:61,5
DA:62,5
DA:63,5
DA:64,3
DA:65,3
DA:66,3
DA:67,3
DA:68,3
DA:69,3
DA:70,3
DA:71,3
DA:72,2
DA:73,2
DA:74,2
DA:75,3
DA:76,3
DA:77,1
DA:78,0
DA:79,0
DA:80,0
DA:81,0
DA:82,0
DA:83,0
LH:56
LF:83
end_of_record
SF:src/console/tiling.ts
FN:50,neighborInDirection
FN:85,leaves
FN:91,splitLeaf
FN:106,walk
FN:128,closePane
FN:130,walk
FN:138,setLeafPage
FN:144,walk
FN:149,setRatio
FN:155,walk
FN:169,swapLeaves
FN:171,find
FN:178,walk
FN:187,siblingLeafId
FN:193,find
FNDA:14,neighborInDirection
FNDA:32,leaves
FNDA:22,splitLeaf
FNDA:30,walk
FNDA:4,closePane
FNDA:9,walk
FNDA:2,setLeafPage
FNDA:4,walk
FNDA:4,setRatio
FNDA:12,walk
FNDA:5,swapLeaves
FNDA:22,find
FNDA:8,walk
FNDA:7,siblingLeafId
FNDA:13,find
FNF:15
FNH:15
BRDA:48,0,0,3
BRDA:49,1,0,2
BRDA:49,2,0,1
BRDA:50,3,0,5
BRDA:66,4,0,14
BRDA:70,5,0,3
BRDA:71,6,0,11
BRDA:72,7,0,5
BRDA:73,8,0,6
BRDA:74,9,0,3
BRDA:75,10,0,3
BRDA:77,11,0,8
BRDA:77,12,0,6
BRDA:79,13,0,4
BRDA:85,14,0,32
BRDA:89,15,0,22
BRDA:89,16,0,10
BRDA:91,17,0,22
BRDA:106,18,0,30
BRDA:107,19,0,26
BRDA:108,20,0,5
BRDA:108,21,0,21
BRDA:114,22,0,1
BRDA:114,23,0,20
BRDA:115,24,0,1
BRDA:115,25,0,20
BRDA:118,26,0,4
BRDA:128,27,0,4
BRDA:129,28,0,1
BRDA:129,29,0,0
BRDA:129,30,0,3
BRDA:130,31,0,9
BRDA:131,32,0,5
BRDA:131,33,0,4
BRDA:133,34,0,0
BRDA:133,35,0,4
BRDA:134,36,0,3
BRDA:134,37,0,2
BRDA:138,38,0,2
BRDA:144,39,0,4
BRDA:145,40,0,3
BRDA:145,41,0,1
BRDA:145,42,0,2
BRDA:145,43,0,1
BRDA:149,44,0,4
BRDA:155,45,0,12
BRDA:156,46,0,8
BRDA:156,47,0,4
BRDA:157,48,0,3
BRDA:157,49,0,1
BRDA:169,50,0,5
BRDA:170,51,0,1
BRDA:170,52,0,4
BRDA:177,53,0,3
BRDA:177,54,0,2
BRDA:171,55,0,22
BRDA:172,56,0,13
BRDA:172,57,0,6
BRDA:172,58,0,7
BRDA:172,59,0,9
BRDA:173,60,0,5
BRDA:178,61,0,8
BRDA:179,62,0,5
BRDA:180,63,0,2
BRDA:180,64,0,3
BRDA:181,65,0,2
BRDA:181,66,0,1
BRDA:183,67,0,3
BRDA:187,68,0,7
BRDA:200,69,0,5
BRDA:200,70,0,0
BRDA:200,71,0,2
BRDA:193,72,0,13
BRDA:194,73,0,5
BRDA:194,74,0,8
BRDA:195,75,0,3
BRDA:195,76,0,5
BRDA:196,77,0,3
BRDA:196,78,0,2
BRDA:196,79,0,3
BRF:80
BRH:77
DA:1,0
DA:2,0
DA:3,0
DA:4,0
DA:5,0
DA:6,0
DA:7,0
DA:8,0
DA:9,0
DA:10,1
DA:16,1
DA:25,1
DA:26,0
DA:27,0
DA:29,1
DA:30,0
DA:31,0
DA:32,1
DA:33,0
DA:34,0
DA:41,1
DA:42,0
DA:44,1
DA:45,0
DA:46,0
DA:47,0
DA:48,3
DA:49,3
DA:50,5
DA:51,5
DA:52,5
DA:53,5
DA:54,5
DA:55,5
DA:56,5
DA:57,5
DA:58,5
DA:59,5
DA:60,5
DA:61,5
DA:62,5
DA:63,5
DA:64,5
DA:65,5
DA:66,5
DA:67,14
DA:68,14
DA:69,14
DA:70,14
DA:71,3
DA:72,11
DA:73,5
DA:74,6
DA:75,3
DA:76,14
DA:77,14
DA:78,6
DA:79,14
DA:80,4
DA:81,4
DA:82,4
DA:83,14
DA:84,5
DA:85,32
DA:86,32
DA:87,32
DA:88,32
DA:89,32
DA:90,32
DA:91,22
DA:92,22
DA:93,22
DA:94,22
DA:95,22
DA:96,22
DA:97,22
DA:98,22
DA:99,22
DA:100,22
DA:101,22
DA:102,22
DA:103,22
DA:104,22
DA:105,22
DA:106,22
DA:107,30
DA:108,26
DA:109,21
DA:110,21
DA:111,21
DA:112,21
DA:113,21
DA:114,26
DA:115,26
DA:116,26
DA:117,26
DA:118,26
DA:119,30
DA:120,22
DA:121,22
DA:122,22
DA:123,1
DA:124,0
DA:125,0
DA:126,0
DA:127,0
DA:128,4
DA:129,4
DA:130,3
DA:131,9
DA:132,4
DA:133,9
DA:134,9
DA:135,9
DA:136,3
DA:137,4
DA:138,2
DA:139,2
DA:140,2
DA:141,2
DA:142,2
DA:143,2
DA:144,2
DA:145,4
DA:146,4
DA:147,2
DA:148,2
DA:149,4
DA:150,4
DA:151,4
DA:152,4
DA:153,4
DA:154,4
DA:155,4
DA:156,12
DA:157,12
DA:158,12
DA:159,4
DA:160,4
DA:161,4
DA:162,1
DA:163,0
DA:164,0
DA:165,0
DA:166,0
DA:167,0
DA:168,0
DA:169,5
DA:170,5
DA:171,4
DA:172,22
DA:173,22
DA:174,4
DA:175,4
DA:176,4
DA:177,5
DA:178,2
DA:179,8
DA:180,5
DA:181,5
DA:182,1
DA:183,1
DA:184,8
DA:185,2
DA:186,5
DA:187,7
DA:188,7
DA:189,7
DA:190,7
DA:191,7
DA:192,7
DA:193,7
DA:194,13
DA:195,13
DA:196,13
DA:197,13
DA:198,7
DA:199,7
DA:200,7
DA:201,7
LH:172
LF:201
end_of_record
SF:src/console/view.ts
FN:25,set
FN:29,subscribe
FN:31,anonymous_2
FN:34,bind
FN:45,scope
FN:58,add
FN:61,dispose
FNDA:7,set
FNDA:4,subscribe
FNDA:3,anonymous_2
FNDA:1,bind
FNDA:1,scope
FNDA:2,add
FNDA:2,dispose
FNF:7
FNH:7
BRDA:24,0,0,3
BRDA:25,1,0,7
BRDA:27,2,0,6
BRDA:29,3,0,4
BRDA:31,4,0,3
BRDA:34,5,0,1
BRDA:45,6,0,1
BRDA:58,7,0,2
BRDA:61,8,0,2
BRF:9
BRH:9
DA:1,0
DA:2,0
DA:3,0
DA:4,0
DA:5,0
DA:6,0
DA:7,1
DA:8,0
DA:9,0
DA:10,0
DA:11,0
DA:17,1
DA:18,0
DA:19,0
DA:20,0
DA:21,0
DA:22,0
DA:23,0
DA:24,3
DA:25,7
DA:26,7
DA:27,7
DA:28,7
DA:29,4
DA:30,4
DA:31,4
DA:32,4
DA:33,0
DA:34,1
DA:35,1
DA:36,1
DA:38,1
DA:39,1
DA:40,1
DA:41,1
DA:42,1
DA:43,1
DA:44,1
DA:45,1
DA:46,1
DA:47,1
DA:48,1
DA:49,1
DA:54,1
DA:55,1
DA:56,1
DA:57,1
DA:58,1
DA:59,2
DA:60,1
DA:61,1
DA:62,2
DA:63,1
DA:64,1
DA:65,1
DA:66,1
DA:67,0
DA:68,0
DA:69,0
DA:70,0
DA:71,0
DA:72,0
DA:73,0
DA:74,0
DA:75,0
DA:76,0
DA:77,0
DA:78,0
DA:79,0
DA:80,0
LH:49
LF:80
end_of_record
SF:src/lib/daemon.ts
FN:66,decode
FN:108,validateLoopbackHost
FN:130,expandPort
FN:142,normalizeDaemonHost
FN:191,isReadOnly
FN:193,adoptDaemonOrigin
FN:243,daemonAttach
FN:375,consumeLiveToken
FN:403,getLiveToken
FN:413,isRemembered
FNDA:2,decode
FNDA:10,validateLoopbackHost
FNDA:7,expandPort
FNDA:8,normalizeDaemonHost
FNDA:1,isReadOnly
FNDA:1,adoptDaemonOrigin
FNDA:5,daemonAttach
FNDA:1,consumeLiveToken
FNDA:0,getLiveToken
FNDA:1,isRemembered
FNF:10
FNH:9
BRDA:76,0,0,0
BRDA:78,1,0,0
BRDA:66,2,0,2
BRDA:69,3,0,0
BRDA:108,4,0,10
BRDA:112,5,0,0
BRDA:115,6,0,9
BRDA:115,7,0,1
BRDA:115,8,0,9
BRDA:116,9,0,9
BRDA:116,10,0,0
BRDA:116,11,0,9
BRDA:119,12,0,7
BRDA:119,13,0,7
BRDA:119,14,0,4
BRDA:119,15,0,5
BRDA:130,16,0,7
BRDA:131,17,0,1
BRDA:131,18,0,6
BRDA:133,19,0,5
BRDA:133,20,0,3
BRDA:142,21,0,8
BRDA:144,22,0,1
BRDA:144,23,0,7
BRDA:145,24,0,4
BRDA:145,25,0,3
BRDA:191,26,0,1
BRDA:193,27,0,1
BRDA:212,28,0,0
BRDA:216,29,0,0
BRDA:220,30,0,0
BRDA:220,31,0,0
BRDA:243,32,0,5
BRDA:244,33,0,3
BRDA:244,34,0,2
BRDA:245,35,0,1
BRDA:245,36,0,1
BRDA:375,37,0,1
BRDA:383,38,0,0
BRDA:390,39,0,0
BRDA:391,40,0,0
BRDA:392,41,0,0
BRDA:397,42,0,0
BRDA:399,43,0,0
BRDA:401,44,0,0
BRDA:413,45,0,1
BRDA:416,46,0,0
BRF:47
BRH:30
DA:1,0
DA:2,0
DA:3,0
DA:4,0
DA:5,0
DA:6,0
DA:7,0
DA:8,0
DA:9,0
DA:10,0
DA:11,0
DA:12,0
DA:13,0
DA:14,0
DA:15,0
DA:16,0
DA:17,0
DA:18,0
DA:19,0
DA:20,0
DA:21,0
DA:22,0
DA:23,0
DA:24,0
DA:25,0
DA:26,0
DA:27,0
DA:28,0
DA:29,0
DA:30,0
DA:31,0
DA:32,0
DA:33,0
DA:34,1
DA:35,0
DA:36,0
DA:37,0
DA:38,1
DA:39,0
DA:40,0
DA:41,0
DA:42,0
DA:43,0
DA:44,0
DA:45,0
DA:46,0
DA:47,0
DA:48,0
DA:49,0
DA:50,0
DA:51,0
DA:52,0
DA:53,0
DA:54,1
DA:55,0
DA:56,1
DA:58,1
DA:59,0
DA:60,0
DA:61,0
DA:62,0
DA:63,0
DA:64,0
DA:65,0
DA:66,2
DA:67,2
DA:68,2
DA:69,2
DA:70,0
DA:71,0
DA:72,2
DA:73,0
DA:74,0
DA:75,0
DA:76,0
DA:77,0
DA:78,0
DA:79,0
DA:80,0
DA:81,0
DA:82,0
DA:83,0
DA:84,0
DA:85,0
DA:86,1
DA:87,0
DA:88,0
DA:89,0
DA:90,0
DA:91,0
DA:92,0
DA:93,0
DA:94,0
DA:95,1
DA:96,0
DA:97,1
DA:98,0
DA:99,0
DA:100,0
DA:101,0
DA:102,0
DA:103,0
DA:104,0
DA:105,0
DA:106,0
DA:107,0
DA:108,10
DA:109,10
DA:110,10
DA:111,10
DA:112,10
DA:113,0
DA:114,0
DA:115,10
DA:116,10
DA:117,9
DA:118,9
DA:119,10
DA:120,10
DA:121,10
DA:122,1
DA:123,0
DA:124,0
DA:125,0
DA:126,0
DA:127,0
DA:128,0
DA:129,0
DA:130,7
DA:131,7
DA:132,6
DA:133,7
DA:134,7
DA:135,7
DA:136,1
DA:137,0
DA:138,0
DA:139,0
DA:140,0
DA:141,0
DA:142,8
DA:143,8
DA:144,8
DA:145,8
DA:146,8
DA:147,8
DA:148,1
DA:149,0
DA:150,0
DA:151,0
DA:152,0
DA:153,0
DA:154,0
DA:155,0
DA:156,0
DA:157,0
DA:158,0
DA:159,0
DA:160,0
DA:161,0
DA:162,0
DA:163,0
DA:164,1
DA:165,0
DA:166,0
DA:167,0
DA:168,0
DA:169,0
DA:170,0
DA:171,0
DA:172,0
DA:173,0
DA:174,0
DA:175,0
DA:176,0
DA:177,1
DA:178,0
DA:179,1
DA:180,0
DA:181,0
DA:182,0
DA:183,0
DA:184,0
DA:185,0
DA:186,1
DA:187,0
DA:188,0
DA:189,0
DA:190,0
DA:191,1
DA:192,1
DA:193,1
DA:194,1
DA:195,1
DA:196,1
DA:197,1
DA:198,1
DA:199,1
DA:200,1
DA:201,1
DA:202,1
DA:203,1
DA:204,1
DA:205,1
DA:206,1
DA:207,1
DA:208,1
DA:209,1
DA:210,1
DA:211,1
DA:212,1
DA:213,1
DA:214,1
DA:215,1
DA:216,1
DA:217,0
DA:218,0
DA:219,0
DA:220,1
DA:221,1
DA:222,1
DA:223,1
DA:224,1
DA:225,1
DA:226,1
DA:227,1
DA:228,1
DA:229,1
DA:230,1
DA:231,1
DA:232,1
DA:233,1
DA:234,0
DA:235,0
DA:236,0
DA:237,0
DA:238,0
DA:239,0
DA:240,0
DA:241,0
DA:242,0
DA:243,5
DA:244,5
DA:245,5
DA:246,5
DA:247,5
DA:248,1
DA:249,0
DA:250,0
DA:251,0
DA:252,0
DA:253,0
DA:254,0
DA:255,0
DA:256,0
DA:257,0
DA:258,0
DA:259,0
DA:260,0
DA:261,0
DA:262,1
DA:263,0
DA:264,1
DA:266,1
DA:267,0
DA:268,0
DA:269,0
DA:270,0
DA:271,0
DA:272,0
DA:273,0
DA:274,0
DA:275,0
DA:276,0
DA:277,0
DA:278,0
DA:279,0
DA:280,0
DA:281,0
DA:282,0
DA:283,0
DA:284,0
DA:285,0
DA:286,0
DA:287,0
DA:288,0
DA:289,0
DA:290,0
DA:291,0
DA:292,0
DA:293,0
DA:294,0
DA:295,0
DA:296,0
DA:297,0
DA:298,0
DA:299,0
DA:300,0
DA:301,0
DA:302,0
DA:303,0
DA:304,0
DA:305,0
DA:306,0
DA:307,0
DA:308,0
DA:309,0
DA:310,0
DA:311,0
DA:312,0
DA:313,1
DA:314,0
DA:315,1
DA:316,0
DA:317,0
DA:318,0
DA:319,0
DA:320,0
DA:323,1
DA:324,0
DA:325,0
DA:326,0
DA:327,0
DA:328,0
DA:329,0
DA:330,0
DA:331,0
DA:332,0
DA:333,0
DA:334,0
DA:335,0
DA:336,0
DA:337,0
DA:338,0
DA:339,0
DA:340,0
DA:341,0
DA:342,0
DA:343,0
DA:344,0
DA:345,0
DA:346,0
DA:347,0
DA:348,0
DA:349,0
DA:350,0
DA:351,0
DA:352,0
DA:353,0
DA:354,0
DA:355,0
DA:356,0
DA:357,0
DA:358,0
DA:359,0
DA:360,0
DA:361,0
DA:362,0
DA:363,0
DA:364,0
DA:365,0
DA:366,0
DA:367,0
DA:368,0
DA:369,0
DA:370,0
DA:371,1
DA:372,0
DA:373,1
DA:374,0
DA:375,1
DA:376,1
DA:377,1
DA:378,1
DA:379,1
DA:380,1
DA:381,1
DA:382,1
DA:383,1
DA:384,1
DA:385,1
DA:386,1
DA:387,1
DA:388,1
DA:389,1
DA:390,1
DA:391,1
DA:392,1
DA:393,0
DA:394,0
DA:395,1
DA:396,1
DA:397,1
DA:398,0
DA:399,1
DA:400,1
DA:401,1
DA:402,1
DA:403,0
DA:404,0
DA:405,0
DA:406,0
DA:407,0
DA:408,0
DA:409,0
DA:410,0
DA:411,0
DA:412,1
DA:413,1
DA:414,1
DA:415,1
DA:416,1
DA:417,0
DA:418,0
DA:419,1
DA:420,1
DA:421,0
DA:422,0
DA:423,0
DA:424,0
DA:425,0
DA:426,0
DA:427,0
DA:428,0
DA:429,0
DA:430,0
DA:431,0
DA:432,0
DA:433,0
DA:434,0
DA:435,0
DA:436,0
DA:437,1
DA:438,0
DA:439,0
DA:440,0
DA:441,0
DA:442,0
DA:443,1
DA:444,0
DA:445,1
DA:447,1
DA:448,0
DA:449,0
DA:450,0
DA:451,0
DA:452,0
DA:453,0
DA:454,0
DA:455,0
DA:456,0
DA:457,0
DA:458,0
DA:459,0
DA:460,0
DA:461,0
DA:462,0
DA:463,0
DA:464,0
DA:465,0
DA:466,0
DA:467,0
DA:468,0
DA:469,0
DA:470,0
DA:471,0
DA:472,0
DA:473,0
DA:474,0
DA:475,0
DA:476,0
DA:477,0
DA:478,0
DA:479,0
DA:480,0
DA:481,0
DA:482,0
DA:483,0
DA:484,0
DA:485,0
DA:486,0
DA:487,0
DA:488,0
DA:489,0
DA:490,0
DA:491,0
DA:492,0
DA:493,0
DA:494,0
DA:495,0
DA:496,0
DA:497,0
DA:498,0
DA:499,0
DA:500,0
DA:501,0
DA:502,0
DA:503,0
DA:504,0
DA:505,0
DA:506,0
DA:507,0
DA:508,0
DA:509,0
DA:510,0
DA:511,0
DA:512,0
DA:513,0
DA:514,0
DA:515,0
DA:516,0
DA:517,0
DA:518,0
DA:519,0
DA:520,0
DA:521,0
DA:522,0
DA:523,0
DA:524,0
DA:525,0
DA:526,0
DA:527,0
DA:528,1
DA:529,0
DA:530,1
DA:531,0
DA:532,0
DA:533,0
DA:534,0
DA:535,0
DA:536,0
DA:537,0
DA:538,1
DA:539,0
DA:540,0
DA:541,0
DA:542,0
DA:543,0
DA:544,0
DA:545,0
DA:546,0
DA:547,0
DA:548,0
DA:549,0
DA:550,0
DA:551,1
DA:552,0
DA:553,1
DA:554,0
DA:555,0
DA:556,0
LH:145
LF:557
end_of_record
SF:src/lib/guards.ts
FNF:0
FNH:0
BRDA:5,0,0,231
BRDA:6,1,0,0
BRF:2
BRH:1
DA:1,0
DA:2,0
DA:3,0
DA:4,0
DA:5,16
DA:6,231
DA:7,0
DA:8,0
DA:9,231
DA:10,231
DA:11,1
DA:12,0
DA:13,0
DA:14,0
DA:15,0
DA:16,0
DA:17,0
DA:18,0
DA:19,0
DA:20,0
DA:21,0
DA:22,0
LH:5
LF:22
end_of_record
SF:src/lib/notifications.ts
FN:119,createNotificationStore
FN:125,emit
FN:130,notify
FN:152,list
FN:155,unseenCount
FN:156,anonymous_5
FN:158,markAllSeen
FN:167,dismiss
FN:169,anonymous_8
FN:172,dismissOlderThan
FN:175,anonymous_10
FN:178,clear
FN:183,subscribe
FN:185,anonymous_13
FN:198,matchAuthorMarker
FN:201,hit
FN:221,estimateStorageBytes
FN:245,humanBytes
FN:254,daemonCacheOverThreshold
FNDA:14,createNotificationStore
FNDA:32,emit
FNDA:28,notify
FNDA:8,list
FNDA:7,unseenCount
FNDA:16,anonymous_5
FNDA:2,markAllSeen
FNDA:3,dismiss
FNDA:4,anonymous_8
FNDA:1,dismissOlderThan
FNDA:2,anonymous_10
FNDA:1,clear
FNDA:1,subscribe
FNDA:1,anonymous_13
FNDA:5,matchAuthorMarker
FNDA:8,hit
FNDA:2,estimateStorageBytes
FNDA:3,humanBytes
FNDA:5,daemonCacheOverThreshold
FNF:19
FNH:19
BRDA:110,0,0,26
BRDA:113,1,0,23
BRDA:113,2,0,3
BRDA:114,3,0,1
BRDA:114,4,0,0
BRDA:114,5,0,2
BRDA:115,6,0,1
BRDA:115,7,0,0
BRDA:115,8,0,1
BRDA:116,9,0,0
BRDA:116,10,0,0
BRDA:119,11,0,14
BRDA:125,12,0,32
BRDA:126,13,0,2
BRDA:130,14,0,28
BRDA:131,15,0,4
BRDA:131,16,0,2
BRDA:131,17,0,26
BRDA:132,18,0,2
BRDA:132,19,0,26
BRDA:133,20,0,12
BRDA:134,21,0,24
BRDA:141,22,0,22
BRDA:148,23,0,0
BRDA:148,24,0,26
BRDA:152,25,0,8
BRDA:155,26,0,7
BRDA:156,27,0,16
BRDA:156,28,0,9
BRDA:156,29,0,7
BRDA:156,30,0,9
BRDA:158,31,0,1
BRDA:161,32,0,2
BRDA:167,33,0,3
BRDA:169,34,0,4
BRDA:172,35,0,1
BRDA:175,36,0,2
BRDA:178,37,0,1
BRDA:179,38,0,0
BRDA:183,39,0,1
BRDA:185,40,0,1
BRDA:198,41,0,5
BRDA:207,42,0,2
BRDA:207,43,0,3
BRDA:209,44,0,1
BRDA:209,45,0,2
BRDA:201,46,0,8
BRDA:202,47,0,4
BRDA:204,48,0,3
BRDA:204,49,0,1
BRDA:221,50,0,1
BRDA:235,51,0,2
BRDA:237,52,0,0
BRDA:238,53,0,0
BRDA:245,54,0,3
BRDA:246,55,0,1
BRDA:246,56,0,2
BRDA:247,57,0,1
BRDA:248,58,0,0
BRDA:248,59,0,1
BRDA:254,60,0,5
BRDA:255,61,0,1
BRDA:255,62,0,4
BRDA:256,63,0,2
BRF:64
BRH:55
DA:1,0
DA:2,0
DA:3,0
DA:4,0
DA:5,0
DA:6,0
DA:7,0
DA:8,0
DA:9,0
DA:10,0
DA:11,0
DA:12,0
DA:13,0
DA:14,0
DA:15,0
DA:16,0
DA:17,0
DA:18,0
DA:19,0
DA:20,0
DA:21,0
DA:22,0
DA:23,0
DA:24,0
DA:25,0
DA:26,0
DA:27,0
DA:28,0
DA:29,0
DA:30,0
DA:31,0
DA:32,0
DA:33,0
DA:34,0
DA:35,1
DA:36,0
DA:37,1
DA:39,1
DA:40,0
DA:41,0
DA:42,0
DA:43,0
DA:44,0
DA:45,0
DA:51,1
DA:52,0
DA:53,0
DA:54,0
DA:55,0
DA:56,0
DA:57,0
DA:58,0
DA:59,0
DA:74,1
DA:75,0
DA:76,0
DA:77,0
DA:88,1
DA:103,1
DA:104,0
DA:105,0
DA:106,1
DA:107,0
DA:108,0
DA:109,0
DA:110,26
DA:111,26
DA:112,26
DA:113,26
DA:114,26
DA:115,26
DA:116,26
DA:117,26
DA:118,1
DA:119,14
DA:120,14
DA:121,14
DA:122,14
DA:123,14
DA:124,14
DA:125,14
DA:126,32
DA:127,14
DA:128,14
DA:129,14
DA:130,14
DA:131,28
DA:132,28
DA:133,28
DA:134,28
DA:135,28
DA:136,28
DA:137,28
DA:138,28
DA:139,28
DA:140,28
DA:141,28
DA:142,28
DA:143,28
DA:144,28
DA:145,28
DA:146,28
DA:147,28
DA:148,28
DA:149,26
DA:150,28
DA:151,14
DA:152,14
DA:153,8
DA:154,14
DA:155,14
DA:156,7
DA:157,14
DA:158,14
DA:159,1
DA:160,1
DA:161,1
DA:162,2
DA:163,2
DA:164,2
DA:165,1
DA:166,14
DA:167,14
DA:168,3
DA:169,3
DA:170,3
DA:171,14
DA:172,14
DA:173,1
DA:174,1
DA:175,1
DA:176,1
DA:177,14
DA:178,14
DA:179,1
DA:180,1
DA:181,1
DA:182,14
DA:183,14
DA:184,1
DA:185,1
DA:186,14
DA:187,14
DA:188,14
DA:189,1
DA:190,0
DA:191,0
DA:192,0
DA:193,0
DA:194,0
DA:195,0
DA:196,0
DA:197,0
DA:198,5
DA:199,5
DA:200,5
DA:201,5
DA:202,8
DA:203,4
DA:204,8
DA:205,5
DA:206,5
DA:207,5
DA:208,3
DA:209,5
DA:210,5
DA:211,5
DA:212,1
DA:213,0
DA:214,0
DA:215,0
DA:216,0
DA:217,0
DA:218,0
DA:219,0
DA:220,0
DA:221,1
DA:222,1
DA:223,1
DA:229,1
DA:230,1
DA:231,1
DA:232,1
DA:233,1
DA:234,1
DA:235,1
DA:236,2
DA:237,2
DA:238,2
DA:239,2
DA:240,2
DA:241,1
DA:242,1
DA:243,1
DA:244,0
DA:245,3
DA:246,3
DA:247,3
DA:248,3
DA:249,3
DA:250,3
DA:251,1
DA:252,0
DA:253,0
DA:254,5
DA:255,5
DA:256,5
DA:257,5
DA:258,5
DA:259,1
DA:260,0
DA:261,0
DA:262,0
DA:263,0
DA:264,0
DA:265,0
DA:266,0
DA:267,1
DA:268,0
DA:269,1
DA:280,1
DA:281,0
DA:282,0
DA:283,0
DA:284,0
DA:285,0
DA:286,0
DA:287,1
DA:288,0
DA:289,0
DA:290,0
DA:291,0
DA:292,0
DA:293,0
DA:294,0
DA:295,0
DA:296,0
DA:297,1
DA:298,0
DA:299,0
DA:300,0
DA:301,0
DA:302,0
DA:303,0
DA:304,1
DA:305,0
DA:306,0
DA:307,0
DA:308,0
DA:309,0
DA:310,0
DA:311,1
DA:312,0
DA:313,1
DA:314,0
DA:315,0
DA:316,0
DA:317,0
DA:318,0
DA:319,0
DA:320,0
DA:321,0
DA:322,0
DA:323,0
DA:324,0
DA:325,0
DA:326,0
DA:327,0
DA:328,0
DA:329,0
DA:330,0
DA:331,0
DA:332,0
DA:333,1
DA:334,0
DA:335,0
DA:336,0
DA:337,0
DA:338,0
DA:339,0
DA:340,0
DA:341,0
DA:342,1
DA:343,0
DA:344,0
DA:345,0
DA:346,0
DA:347,0
DA:348,1
DA:349,0
DA:350,0
DA:351,0
DA:352,0
DA:353,0
DA:354,0
DA:355,0
DA:356,1
DA:357,0
DA:358,0
DA:359,0
DA:360,0
DA:361,0
DA:362,0
DA:363,0
DA:364,0
DA:365,0
DA:366,0
DA:367,0
DA:368,0
DA:369,0
DA:370,0
DA:371,0
DA:372,0
DA:373,0
DA:374,0
DA:375,0
DA:376,0
DA:377,0
DA:378,0
DA:379,0
DA:380,0
DA:381,0
DA:382,0
DA:383,0
DA:384,0
DA:385,0
DA:386,0
DA:387,0
DA:388,0
DA:389,0
DA:390,0
DA:391,0
DA:392,0
DA:393,0
DA:394,0
DA:395,0
DA:396,0
DA:397,0
DA:398,0
DA:399,0
DA:400,0
DA:401,0
DA:402,0
DA:403,0
DA:404,0
DA:405,0
DA:406,0
DA:407,0
DA:408,1
DA:409,0
DA:410,0
DA:411,0
DA:412,0
DA:413,0
DA:414,0
DA:415,0
DA:416,1
DA:417,0
DA:418,0
DA:419,0
DA:420,1
DA:421,0
DA:422,0
DA:423,0
DA:424,0
DA:425,1
DA:426,0
DA:427,0
DA:428,1
DA:429,0
DA:430,0
DA:431,0
DA:432,0
DA:433,0
DA:434,0
DA:435,0
DA:436,0
DA:437,0
DA:438,0
DA:439,0
DA:440,0
DA:441,0
DA:442,0
DA:443,0
DA:444,0
DA:445,0
DA:446,0
DA:447,0
DA:448,0
DA:449,0
DA:450,0
DA:451,0
DA:452,1
DA:453,0
DA:454,0
DA:455,0
DA:456,1
DA:457,0
DA:458,0
DA:459,0
DA:460,0
DA:461,0
DA:462,0
DA:463,1
DA:464,0
DA:465,0
DA:466,0
DA:467,0
DA:468,0
DA:469,0
DA:470,0
DA:471,0
DA:472,0
DA:473,0
DA:474,0
DA:475,0
DA:476,0
DA:477,0
DA:478,0
DA:479,0
DA:480,0
DA:481,0
DA:482,0
DA:483,0
DA:484,0
DA:485,0
DA:486,0
DA:487,0
DA:488,0
DA:489,0
DA:490,0
DA:491,0
DA:492,0
DA:493,1
DA:494,0
DA:495,0
DA:496,0
DA:497,0
DA:498,0
DA:499,0
DA:500,0
DA:501,1
DA:502,0
DA:503,0
DA:504,0
DA:505,0
DA:506,1
DA:507,0
DA:508,0
DA:509,0
DA:510,0
DA:511,0
DA:512,0
DA:513,0
DA:514,0
DA:515,0
DA:516,0
DA:517,1
DA:518,0
DA:519,0
DA:520,0
DA:521,0
DA:522,0
DA:523,1
DA:524,0
DA:525,0
DA:526,0
DA:527,0
DA:528,0
DA:529,0
DA:530,0
DA:531,0
DA:532,0
DA:533,0
DA:534,0
DA:535,0
DA:536,1
DA:537,0
DA:538,0
DA:539,0
DA:540,0
DA:541,0
DA:542,0
DA:543,0
DA:544,0
DA:545,0
DA:546,0
DA:547,0
DA:548,0
DA:549,0
DA:550,0
DA:551,0
DA:552,0
DA:553,0
DA:554,0
DA:555,0
DA:556,0
DA:557,0
DA:558,0
DA:559,0
DA:560,0
DA:561,0
DA:562,0
DA:563,0
DA:564,0
DA:565,0
DA:566,1
DA:567,0
DA:568,0
DA:569,0
DA:570,0
DA:571,0
DA:572,0
DA:573,0
DA:574,0
LH:220
LF:574
end_of_record
SF:src/lib/persist.ts
FN:41,load
FN:61,enqueueWrite
FN:75,anonymous_2
FN:82,set
FN:89,get
FN:93,update
FN:96,persistOnly
FN:97,subscribe
FN:62,anonymous_8
FN:99,anonymous_9
FNDA:11,load
FNDA:14,enqueueWrite
FNDA:0,anonymous_2
FNDA:12,set
FNDA:6,get
FNDA:4,update
FNDA:2,persistOnly
FNDA:2,subscribe
FNDA:14,anonymous_8
FNDA:0,anonymous_9
FNF:10
FNH:8
BRDA:36,0,0,11
BRDA:74,1,0,0
BRDA:41,2,0,11
BRDA:44,3,0,7
BRDA:44,4,0,1
BRDA:61,5,0,14
BRDA:82,6,0,12
BRDA:84,7,0,1
BRDA:89,8,0,6
BRDA:93,9,0,4
BRDA:96,10,0,2
BRDA:97,11,0,2
BRDA:62,12,0,14
BRDA:65,13,0,0
BRF:14
BRH:12
DA:1,0
DA:2,0
DA:3,0
DA:4,0
DA:5,0
DA:6,0
DA:7,0
DA:8,0
DA:9,0
DA:10,0
DA:11,0
DA:12,0
DA:13,0
DA:14,0
DA:15,0
DA:16,0
DA:17,0
DA:33,1
DA:34,0
DA:35,0
DA:36,8
DA:37,11
DA:38,11
DA:39,11
DA:40,11
DA:41,11
DA:42,11
DA:43,11
DA:44,11
DA:45,11
DA:46,11
DA:47,11
DA:48,11
DA:49,11
DA:50,11
DA:51,11
DA:52,11
DA:53,11
DA:54,11
DA:55,11
DA:56,11
DA:57,11
DA:58,11
DA:59,11
DA:60,11
DA:61,11
DA:62,14
DA:63,14
DA:64,14
DA:65,14
DA:66,0
DA:67,0
DA:68,14
DA:69,11
DA:70,11
DA:71,11
DA:72,11
DA:73,11
DA:74,11
DA:75,0
DA:76,0
DA:77,0
DA:78,0
DA:79,0
DA:80,0
DA:81,11
DA:82,11
DA:83,12
DA:84,12
DA:85,12
DA:86,11
DA:87,11
DA:88,11
DA:89,11
DA:90,11
DA:91,11
DA:92,11
DA:93,11
DA:94,11
DA:95,11
DA:96,11
DA:97,11
DA:98,2
DA:99,2
DA:100,11
DA:101,11
DA:102,11
LH:75
LF:102
end_of_record
SF:src/lib/qr.ts
FN:34,gfMul
FN:37,rsGenerator
FN:55,rsEncode
FN:60,polyRemainder
FN:117,dataCapacity
FN:118,anonymous_5
FN:119,chooseVersion
FN:137,<instance_members_initializer>
FN:138,put
FN:145,encodeCodewords
FN:184,anonymous_10
FN:188,anonymous_11
FN:199,newGrid
FN:206,placeFinder
FN:222,placeAlignment
FN:246,placeTiming
FN:265,reserveFormatAreas
FN:277,placeData
FN:300,maskFn
FN:323,bchFormat
FN:338,placeFormat
FN:343,bit
FN:355,penalty
FN:389,matches
FN:395,anonymous_24
FN:395,anonymous_25
FN:396,anonymous_26
FN:396,anonymous_27
FN:407,encodeMatrix
FN:419,anonymous_29
FNDA:6069,gfMul
FNDA:1378,rsGenerator
FNDA:12,rsEncode
FNDA:4691,polyRemainder
FNDA:26,dataCapacity
FNDA:26,anonymous_5
FNDA:18,chooseVersion
FNDA:8,<instance_members_initializer>
FNDA:1776,put
FNDA:1808,encodeCodewords
FNDA:12,anonymous_10
FNDA:12,anonymous_11
FNDA:1872,newGrid
FNDA:1944,placeFinder
FNDA:136,placeAlignment
FNDA:80,placeTiming
FNDA:72,reserveFormatAreas
FNDA:44608,placeData
FNDA:29984,maskFn
FNDA:320,bchFormat
FNDA:512,placeFormat
FNDA:1920,bit
FNDA:92544,penalty
FNDA:246530,matches
FNDA:61065,anonymous_24
FNDA:62073,anonymous_25
FNDA:61127,anonymous_26
FNDA:62265,anonymous_27
FNDA:46272,encodeMatrix
FNDA:208,anonymous_29
FNF:30
FNH:30
BRDA:23,0,0,1
BRDA:25,1,0,255
BRDA:29,2,0,128
BRDA:31,3,0,257
BRDA:34,4,0,6069
BRDA:35,5,0,0
BRDA:37,6,0,12
BRDA:42,7,0,172
BRDA:44,8,0,1378
BRDA:55,9,0,12
BRDA:60,10,0,12
BRDA:62,11,0,292
BRDA:64,12,0,1
BRDA:64,13,0,291
BRDA:65,14,0,4691
BRDA:67,15,0,291
BRDA:117,16,0,26
BRDA:118,17,0,26
BRDA:119,18,0,8
BRDA:125,19,0,18
BRDA:126,20,0,0
BRDA:129,21,0,8
BRDA:130,22,0,0
BRDA:137,23,0,8
BRDA:138,24,0,226
BRDA:139,25,0,1776
BRDA:145,26,0,8
BRDA:148,27,0,0
BRDA:153,28,0,210
BRDA:156,29,0,32
BRDA:156,30,0,32
BRDA:157,31,0,0
BRDA:162,32,0,226
BRDA:164,33,0,1808
BRDA:167,34,0,66
BRDA:174,35,0,12
BRDA:185,36,0,179
BRDA:186,37,0,292
BRDA:189,38,0,106
BRDA:190,39,0,172
BRDA:184,40,0,12
BRDA:188,41,0,12
BRDA:199,42,0,72
BRDA:201,43,0,1872
BRDA:206,44,0,24
BRDA:207,45,0,216
BRDA:208,46,0,1944
BRDA:211,47,0,1800
BRDA:211,48,0,1664
BRDA:211,49,0,1600
BRDA:211,50,0,408
BRDA:211,51,0,1536
BRDA:212,52,0,1472
BRDA:212,53,0,1344
BRDA:212,54,0,1288
BRDA:214,55,0,1176
BRDA:215,56,0,1008
BRDA:215,57,0,840
BRDA:215,58,0,720
BRDA:215,59,0,600
BRDA:215,60,0,480
BRDA:215,61,0,360
BRDA:215,62,0,288
BRDA:216,63,0,792
BRDA:216,64,0,744
BRDA:222,65,0,8
BRDA:224,66,0,16
BRDA:228,67,0,48
BRDA:228,68,0,36
BRDA:229,69,0,136
BRDA:230,70,0,12
BRDA:236,71,0,12
BRDA:236,72,0,4
BRDA:237,73,0,20
BRDA:238,74,0,100
BRDA:240,75,0,68
BRDA:240,76,0,32
BRDA:243,77,0,4
BRDA:246,78,0,8
BRDA:250,79,0,80
BRDA:251,80,0,44
BRDA:251,81,0,36
BRDA:265,82,0,8
BRDA:266,83,0,72
BRDA:273,84,0,64
BRDA:274,85,0,56
BRDA:277,86,0,64
BRDA:284,87,0,3712
BRDA:284,88,0,29696
BRDA:287,89,0,800
BRDA:288,90,0,64
BRDA:289,91,0,22304
BRDA:290,92,0,11152
BRDA:290,93,0,11152
BRDA:291,94,0,44608
BRDA:293,95,0,14624
BRDA:293,96,0,29984
BRDA:294,97,0,29696
BRDA:294,98,0,288
BRDA:300,99,0,29984
BRDA:304,100,0,3748
BRDA:306,101,0,3748
BRDA:308,102,0,3748
BRDA:310,103,0,3748
BRDA:312,104,0,3748
BRDA:314,105,0,3748
BRDA:316,106,0,3748
BRDA:318,107,0,3748
BRDA:320,108,0,0
BRDA:323,109,0,64
BRDA:333,110,0,320
BRDA:334,111,0,96
BRDA:338,112,0,64
BRDA:345,113,0,384
BRDA:349,114,0,384
BRDA:351,115,0,512
BRDA:352,116,0,448
BRDA:343,117,0,1920
BRDA:355,118,0,64
BRDA:362,119,0,1664
BRDA:363,120,0,3328
BRDA:366,121,0,92544
BRDA:367,122,0,46272
BRDA:367,123,0,46272
BRDA:368,124,0,46045
BRDA:370,125,0,3806
BRDA:370,126,0,42239
BRDA:371,127,0,5010
BRDA:372,128,0,46499
BRDA:380,129,0,1600
BRDA:381,130,0,43008
BRDA:383,131,0,21860
BRDA:383,132,0,9630
BRDA:383,133,0,5067
BRDA:393,134,0,1664
BRDA:394,135,0,29632
BRDA:395,136,0,29573
BRDA:395,137,0,93
BRDA:396,138,0,29569
BRDA:396,139,0,100
BRDA:397,140,0,29632
BRDA:398,141,0,1664
BRDA:401,142,0,46272
BRDA:401,143,0,23279
BRDA:389,144,0,118406
BRDA:390,145,0,246530
BRDA:390,146,0,118213
BRDA:390,147,0,193
BRDA:395,148,0,61065
BRDA:395,149,0,62073
BRDA:396,150,0,61127
BRDA:396,151,0,62265
BRDA:407,152,0,8
BRDA:432,153,0,64
BRDA:434,154,0,1664
BRDA:434,155,0,46272
BRDA:437,156,0,1664
BRDA:438,157,0,46272
BRDA:439,158,0,29984
BRDA:439,159,0,13929
BRDA:444,160,0,19
BRDA:451,161,0,208
BRDA:419,162,0,208
BRF:163
BRH:157
DA:1,0
DA:2,0
DA:3,0
DA:4,0
DA:5,0
DA:6,0
DA:7,0
DA:8,0
DA:9,0
DA:10,0
DA:11,0
DA:12,0
DA:13,0
DA:14,0
DA:15,0
DA:16,1
DA:17,0
DA:18,1
DA:19,0
DA:20,0
DA:21,0
DA:22,0
DA:23,1
DA:24,1
DA:25,1
DA:26,255
DA:27,255
DA:28,255
DA:29,255
DA:30,255
DA:31,1
DA:32,1
DA:33,1
DA:34,6069
DA:35,6069
DA:36,6069
DA:37,12
DA:38,12
DA:39,12
DA:40,12
DA:41,12
DA:42,12
DA:43,172
DA:44,172
DA:45,1378
DA:46,1378
DA:47,1378
DA:48,172
DA:49,172
DA:50,12
DA:51,12
DA:52,1
DA:53,0
DA:54,0
DA:55,12
DA:56,12
DA:57,12
DA:58,1
DA:59,0
DA:60,12
DA:61,12
DA:62,12
DA:63,292
DA:64,292
DA:65,292
DA:66,4691
DA:67,4691
DA:68,291
DA:69,12
DA:70,12
DA:71,1
DA:72,0
DA:73,1
DA:74,0
DA:75,0
DA:81,1
DA:82,0
DA:83,0
DA:84,0
DA:85,0
DA:86,0
DA:87,0
DA:88,0
DA:89,0
DA:90,0
DA:91,0
DA:92,0
DA:93,0
DA:94,0
DA:95,0
DA:96,0
DA:97,0
DA:98,0
DA:99,0
DA:100,0
DA:101,0
DA:102,0
DA:103,0
DA:104,0
DA:105,0
DA:106,0
DA:107,0
DA:108,0
DA:109,0
DA:110,0
DA:111,0
DA:112,0
DA:113,0
DA:114,0
DA:115,0
DA:116,1
DA:117,26
DA:118,26
DA:119,8
DA:120,8
DA:121,8
DA:122,8
DA:123,8
DA:124,8
DA:125,8
DA:126,18
DA:127,18
DA:128,18
DA:129,18
DA:130,18
DA:131,8
DA:132,8
DA:133,1
DA:134,0
DA:135,1
DA:136,0
DA:137,8
DA:138,226
DA:139,226
DA:140,226
DA:141,0
DA:142,1
DA:143,0
DA:144,0
DA:145,8
DA:146,8
DA:147,8
DA:148,8
DA:149,8
DA:150,8
DA:151,8
DA:152,8
DA:153,8
DA:154,8
DA:155,8
DA:156,8
DA:157,8
DA:158,8
DA:159,8
DA:160,8
DA:161,8
DA:162,8
DA:163,226
DA:164,226
DA:165,226
DA:166,226
DA:167,8
DA:168,8
DA:169,8
DA:170,8
DA:171,8
DA:172,8
DA:173,8
DA:174,8
DA:175,12
DA:176,12
DA:177,12
DA:178,12
DA:179,12
DA:180,8
DA:181,8
DA:182,8
DA:183,8
DA:184,8
DA:185,8
DA:186,179
DA:187,179
DA:188,8
DA:189,8
DA:190,106
DA:191,106
DA:192,8
DA:193,8
DA:194,1
DA:195,0
DA:196,1
DA:197,0
DA:198,1
DA:199,72
DA:200,72
DA:201,72
DA:202,72
DA:203,72
DA:204,1
DA:205,0
DA:206,24
DA:207,24
DA:208,216
DA:209,1944
DA:210,1944
DA:211,1944
DA:212,1944
DA:213,1944
DA:214,1944
DA:215,1944
DA:216,1944
DA:217,1944
DA:218,1944
DA:219,216
DA:220,24
DA:221,1
DA:222,8
DA:223,8
DA:224,8
DA:225,16
DA:226,16
DA:227,16
DA:228,16
DA:229,36
DA:230,136
DA:231,12
DA:232,12
DA:233,12
DA:234,136
DA:235,36
DA:236,16
DA:237,16
DA:238,20
DA:239,100
DA:240,100
DA:241,100
DA:242,100
DA:243,20
DA:244,4
DA:245,8
DA:246,8
DA:247,8
DA:248,8
DA:249,8
DA:250,8
DA:251,80
DA:252,80
DA:253,80
DA:254,80
DA:255,80
DA:256,80
DA:257,80
DA:258,80
DA:259,80
DA:260,80
DA:261,8
DA:262,1
DA:263,0
DA:264,0
DA:265,8
DA:266,8
DA:267,72
DA:268,72
DA:269,72
DA:270,8
DA:271,8
DA:272,8
DA:273,8
DA:274,8
DA:275,8
DA:276,8
DA:277,64
DA:278,64
DA:279,64
DA:280,64
DA:281,64
DA:282,64
DA:283,64
DA:284,64
DA:285,64
DA:286,64
DA:287,64
DA:288,800
DA:289,800
DA:290,22304
DA:291,22304
DA:292,44608
DA:293,44608
DA:294,44608
DA:295,44608
DA:296,44608
DA:297,22304
DA:298,800
DA:299,800
DA:300,29984
DA:301,29984
DA:302,29984
DA:303,29984
DA:304,29984
DA:305,29984
DA:306,29984
DA:307,29984
DA:308,29984
DA:309,29984
DA:310,29984
DA:311,29984
DA:312,29984
DA:313,29984
DA:314,29984
DA:315,29984
DA:316,29984
DA:317,29984
DA:318,29984
DA:319,29984
DA:320,29984
DA:321,29984
DA:322,29984
DA:323,64
DA:324,64
DA:325,64
DA:326,64
DA:327,64
DA:328,64
DA:329,64
DA:330,64
DA:331,64
DA:332,64
DA:333,64
DA:334,320
DA:335,320
DA:336,64
DA:337,64
DA:338,64
DA:339,64
DA:340,64
DA:341,64
DA:342,64
DA:343,64
DA:344,64
DA:345,64
DA:346,64
DA:347,64
DA:348,64
DA:349,64
DA:350,64
DA:351,64
DA:352,64
DA:353,64
DA:354,64
DA:355,64
DA:356,64
DA:357,64
DA:358,64
DA:359,64
DA:360,64
DA:361,64
DA:362,64
DA:363,1664
DA:364,3328
DA:365,3328
DA:366,3328
DA:367,92544
DA:368,92544
DA:369,46045
DA:370,46045
DA:371,46045
DA:372,92544
DA:373,46499
DA:374,46499
DA:375,46499
DA:376,92544
DA:377,3328
DA:378,1664
DA:379,64
DA:380,64
DA:381,1600
DA:382,43008
DA:383,43008
DA:384,43008
DA:385,1600
DA:386,64
DA:387,64
DA:388,64
DA:389,64
DA:390,118406
DA:391,118406
DA:392,64
DA:393,64
DA:394,1664
DA:395,29632
DA:396,29632
DA:397,29632
DA:398,29632
DA:399,1664
DA:400,1664
DA:401,64
DA:402,64
DA:403,64
DA:404,64
DA:405,64
DA:406,64
DA:407,8
DA:408,8
DA:409,8
DA:410,8
DA:411,8
DA:412,8
DA:413,8
DA:414,8
DA:415,8
DA:416,8
DA:417,8
DA:418,8
DA:419,8
DA:420,8
DA:421,8
DA:422,8
DA:423,8
DA:424,8
DA:425,8
DA:426,8
DA:427,8
DA:428,8
DA:429,8
DA:430,8
DA:431,8
DA:432,8
DA:433,64
DA:434,64
DA:435,64
DA:436,64
DA:437,64
DA:438,1664
DA:439,46272
DA:440,46272
DA:441,1664
DA:442,64
DA:443,64
DA:444,64
DA:445,19
DA:446,19
DA:447,19
DA:448,64
DA:449,8
DA:450,8
DA:451,8
DA:452,8
DA:453,8
DA:454,1
DA:455,0
DA:456,0
DA:457,0
DA:458,0
DA:459,0
DA:460,0
DA:461,0
DA:462,0
DA:463,0
DA:464,0
DA:465,0
DA:466,0
DA:467,0
DA:468,0
DA:469,0
DA:470,0
DA:471,0
DA:472,0
DA:473,0
DA:474,0
DA:475,0
DA:476,0
DA:477,0
DA:478,0
DA:479,0
DA:480,0
DA:481,0
DA:482,0
DA:483,0
DA:484,0
DA:485,0
DA:486,0
LH:384
LF:486
end_of_record
SF:src/lib/store.ts
FN:21,get
FN:22,set
FN:38,subscribe
FN:40,anonymous_3
FNDA:1,get
FNDA:7,set
FNDA:6,subscribe
FNDA:1,anonymous_3
FNF:4
FNH:4
BRDA:17,0,0,3
BRDA:21,1,0,1
BRDA:22,2,0,4
BRDA:30,3,0,7
BRDA:33,4,0,1
BRDA:38,5,0,6
BRDA:40,6,0,1
BRF:7
BRH:7
DA:1,0
DA:2,0
DA:3,0
DA:4,0
DA:5,0
DA:6,0
DA:7,0
DA:8,1
DA:10,1
DA:16,1
DA:17,3
DA:18,3
DA:19,3
DA:20,3
DA:21,3
DA:22,3
DA:23,4
DA:24,4
DA:25,4
DA:26,4
DA:27,4
DA:28,4
DA:29,4
DA:30,4
DA:31,7
DA:32,7
DA:33,7
DA:34,1
DA:35,1
DA:36,7
DA:37,3
DA:38,3
DA:39,6
DA:40,6
DA:41,3
DA:42,3
DA:43,3
LH:36
LF:43
end_of_record
