TN:
SF:src/console/commands.ts
FN:78,anonymous_0
FN:79,anonymous_1
FN:101,anonymous_2
FN:101,anonymous_3
FN:108,normalizeSequence
FN:111,anonymous_5
FN:112,anonymous_6
FN:145,chordFromEvent
FN:160,anonymous_8
FN:161,mergeKeymap
FN:173,seqConflict
FN:192,conflicts
FN:217,formatSingleChord
FN:224,anonymous_13
FN:239,formatChord
FN:243,anonymous_15
FN:244,anonymous_16
FN:252,isMac
FNDA:36,anonymous_0
FNDA:36,anonymous_1
FNDA:54,anonymous_2
FNDA:36,anonymous_3
FNDA:18,normalizeSequence
FNDA:18,anonymous_5
FNDA:18,anonymous_6
FNDA:2,chordFromEvent
FNDA:6,anonymous_8
FNDA:6,mergeKeymap
FNDA:0,seqConflict
FNDA:6,conflicts
FNDA:6,formatSingleChord
FNDA:10,anonymous_13
FNDA:6,formatChord
FNDA:6,anonymous_15
FNDA:6,anonymous_16
FNDA:2,isMac
FNF:18
FNH:17
BRDA:39,0,0,18
BRDA:75,1,0,0
BRDA:82,2,0,36
BRDA:85,3,0,18
BRDA:86,4,0,18
BRDA:87,5,0,18
BRDA:88,6,0,18
BRDA:89,7,0,18
BRDA:91,8,0,18
BRDA:93,9,0,0
BRDA:95,10,0,0
BRDA:98,11,0,0
BRDA:78,12,0,36
BRDA:79,13,0,36
BRDA:101,14,0,54
BRDA:101,15,0,36
BRDA:108,16,0,18
BRDA:111,17,0,18
BRDA:112,18,0,18
BRDA:145,19,0,2
BRDA:146,20,0,0
BRDA:148,21,0,0
BRDA:148,22,0,0
BRDA:149,23,0,0
BRDA:150,24,0,0
BRDA:151,25,0,0
BRDA:156,26,0,0
BRDA:156,27,0,0
BRDA:160,28,0,6
BRDA:161,29,0,6
BRDA:171,30,0,0
BRDA:192,31,0,6
BRDA:199,32,0,0
BRDA:202,33,0,0
BRDA:202,34,0,0
BRDA:203,35,0,0
BRDA:217,36,0,6
BRDA:224,37,0,10
BRDA:225,38,0,4
BRDA:225,39,0,0
BRDA:225,40,0,6
BRDA:226,41,0,0
BRDA:226,42,0,6
BRDA:227,43,0,0
BRDA:227,44,0,6
BRDA:228,45,0,0
BRDA:228,46,0,6
BRDA:229,47,0,0
BRDA:239,48,0,6
BRDA:240,49,0,0
BRDA:243,50,0,6
BRDA:244,51,0,6
BRDA:252,52,0,2
BRDA:253,53,0,0
BRDA:254,54,0,0
BRDA:254,55,0,0
BRF:56
BRH:30
DA:1,0
DA:2,0
DA:3,0
DA:4,0
DA:5,0
DA:6,0
DA:7,0
DA:8,1
DA:9,0
DA:10,0
DA:17,1
DA:18,0
DA:19,0
DA:20,0
DA:21,0
DA:22,0
DA:23,0
DA:24,0
DA:25,0
DA:26,0
DA:28,1
DA:29,0
DA:30,0
DA:31,0
DA:33,1
DA:34,0
DA:36,1
DA:37,0
DA:38,0
DA:39,18
DA:40,18
DA:41,18
DA:42,18
DA:43,18
DA:44,18
DA:45,18
DA:46,18
DA:47,18
DA:48,18
DA:49,18
DA:50,18
DA:51,18
DA:52,18
DA:53,18
DA:54,18
DA:55,18
DA:56,18
DA:57,18
DA:58,18
DA:59,18
DA:60,18
DA:61,18
DA:62,18
DA:63,18
DA:64,18
DA:65,18
DA:66,18
DA:67,18
DA:68,18
DA:69,18
DA:70,18
DA:71,18
DA:72,18
DA:73,18
DA:74,18
DA:75,18
DA:76,18
DA:77,18
DA:78,18
DA:79,18
DA:80,18
DA:81,18
DA:82,18
DA:83,36
DA:84,36
DA:85,36
DA:86,36
DA:87,36
DA:88,36
DA:89,36
DA:90,36
DA:91,36
DA:92,18
DA:93,18
DA:94,0
DA:95,18
DA:96,0
DA:97,18
DA:98,18
DA:99,18
DA:100,36
DA:101,18
DA:102,18
DA:103,1
DA:104,0
DA:105,0
DA:106,0
DA:107,0
DA:108,18
DA:109,18
DA:110,18
DA:111,18
DA:112,18
DA:113,18
DA:114,18
DA:115,1
DA:116,0
DA:117,0
DA:118,0
DA:119,0
DA:120,0
DA:121,0
DA:122,0
DA:123,0
DA:124,0
DA:125,0
DA:126,0
DA:127,0
DA:128,0
DA:129,0
DA:130,1
DA:131,0
DA:132,0
DA:141,1
DA:142,0
DA:143,0
DA:144,0
DA:145,2
DA:146,2
DA:147,2
DA:148,2
DA:149,2
DA:150,2
DA:151,2
DA:152,2
DA:153,2
DA:154,2
DA:155,2
DA:156,2
DA:157,0
DA:158,0
DA:159,0
DA:160,2
DA:161,6
DA:162,6
DA:163,6
DA:164,6
DA:165,6
DA:166,6
DA:167,6
DA:168,6
DA:169,6
DA:170,6
DA:171,6
DA:172,6
DA:173,0
DA:174,0
DA:175,0
DA:176,0
DA:177,0
DA:178,0
DA:179,0
DA:180,0
DA:181,0
DA:182,0
DA:183,0
DA:184,0
DA:185,0
DA:186,0
DA:187,0
DA:188,0
DA:189,0
DA:190,0
DA:191,0
DA:192,6
DA:193,6
DA:194,6
DA:195,6
DA:196,6
DA:197,6
DA:198,6
DA:199,6
DA:200,6
DA:201,6
DA:202,6
DA:203,6
DA:204,6
DA:205,6
DA:206,6
DA:207,1
DA:208,0
DA:209,0
DA:210,0
DA:211,0
DA:212,0
DA:213,0
DA:214,0
DA:215,0
DA:216,0
DA:217,6
DA:218,6
DA:219,6
DA:220,6
DA:221,6
DA:222,6
DA:223,6
DA:224,6
DA:225,10
DA:226,10
DA:227,10
DA:228,10
DA:229,10
DA:230,6
DA:231,6
DA:232,6
DA:233,1
DA:234,0
DA:235,0
DA:236,0
DA:237,0
DA:238,0
DA:239,6
DA:240,6
DA:241,6
DA:242,6
DA:243,6
DA:244,6
DA:245,6
DA:246,6
DA:247,1
DA:248,0
DA:249,1
DA:250,0
DA:251,0
DA:252,2
DA:253,2
DA:254,2
DA:255,2
DA:256,1
DA:257,0
DA:258,0
DA:259,0
DA:260,0
DA:261,0
DA:262,0
DA:263,0
DA:264,0
DA:265,1
DA:266,0
DA:267,0
DA:268,0
DA:269,1
DA:270,0
DA:271,0
DA:272,0
DA:273,0
DA:274,0
DA:281,1
DA:282,0
DA:283,0
DA:284,0
DA:285,0
DA:286,0
DA:287,0
DA:288,0
DA:289,0
DA:290,0
DA:291,0
DA:292,0
DA:293,0
DA:294,0
DA:295,0
DA:296,0
DA:297,0
DA:298,1
DA:299,0
DA:300,0
DA:301,0
DA:302,0
DA:303,0
DA:304,0
DA:305,0
DA:306,0
DA:307,0
DA:308,0
DA:309,0
DA:310,0
DA:311,0
DA:312,0
DA:313,1
DA:314,0
DA:315,0
DA:316,0
DA:317,0
DA:318,0
DA:319,0
DA:320,0
DA:321,0
DA:322,0
DA:323,0
DA:324,0
DA:325,0
DA:326,0
DA:327,0
DA:328,0
DA:329,0
DA:330,1
DA:331,0
DA:332,0
DA:333,0
DA:334,0
DA:335,0
DA:336,0
DA:337,0
DA:338,0
DA:339,0
DA:340,0
DA:341,0
DA:342,0
DA:343,0
DA:344,0
DA:345,0
DA:346,0
DA:347,0
DA:348,0
DA:349,0
DA:350,0
DA:351,0
DA:352,0
DA:353,0
DA:354,0
DA:355,0
LH:180
LF:355
end_of_record
SF:src/console/dashboard/tiles/alerts.ts
FN:74,mountAlertRail
FN:112,dwell
FN:130,syncHeight
FN:136,render
FN:145,anonymous_4
FN:168,anonymous_5
FN:208,schedule
FN:210,anonymous_7
FN:217,onNotify
FN:247,anonymous_9
FN:257,destroy
FNDA:7,mountAlertRail
FNDA:10,dwell
FNDA:11,syncHeight
FNDA:17,render
FNDA:1,anonymous_4
FNDA:11,anonymous_5
FNDA:10,schedule
FNDA:0,anonymous_7
FNDA:16,onNotify
FNDA:7,anonymous_9
FNDA:7,destroy
FNF:11
FNH:10
BRDA:71,0,0,15
BRDA:72,1,0,0
BRDA:73,2,0,14
BRDA:74,3,0,7
BRDA:112,4,0,10
BRDA:130,5,0,11
BRDA:131,6,0,0
BRDA:132,7,0,0
BRDA:136,8,0,11
BRDA:137,9,0,1
BRDA:152,10,0,10
BRDA:160,11,0,17
BRDA:162,12,0,6
BRDA:162,13,0,11
BRDA:164,14,0,10
BRDA:201,15,0,0
BRDA:201,16,0,10
BRDA:145,17,0,1
BRDA:168,18,0,11
BRDA:181,19,0,3
BRDA:188,20,0,1
BRDA:208,21,0,10
BRDA:209,22,0,4
BRDA:217,23,0,16
BRDA:218,24,0,1
BRDA:218,25,0,15
BRDA:220,26,0,1
BRDA:220,27,0,14
BRDA:221,28,0,0
BRDA:222,29,0,4
BRDA:222,30,0,10
BRDA:224,31,0,0
BRDA:224,32,0,10
BRDA:227,33,0,0
BRDA:229,34,0,10
BRDA:230,35,0,1
BRDA:230,36,0,9
BRDA:231,37,0,1
BRDA:231,38,0,9
BRDA:247,39,0,7
BRDA:248,40,0,6
BRDA:248,41,0,1
BRDA:257,42,0,7
BRDA:262,43,0,5
BRF:44
BRH:37
DA:1,0
DA:2,0
DA:3,0
DA:4,0
DA:5,0
DA:6,0
DA:7,0
DA:8,0
DA:9,0
DA:10,0
DA:11,0
DA:12,0
DA:13,0
DA:14,0
DA:15,0
DA:16,0
DA:17,0
DA:18,0
DA:19,0
DA:20,0
DA:21,0
DA:22,0
DA:23,0
DA:24,0
DA:25,0
DA:26,0
DA:27,0
DA:28,0
DA:29,0
DA:30,0
DA:31,0
DA:32,0
DA:33,0
DA:34,0
DA:35,1
DA:36,0
DA:37,0
DA:38,0
DA:39,1
DA:40,0
DA:41,0
DA:42,0
DA:43,0
DA:44,0
DA:45,0
DA:46,1
DA:47,0
DA:48,0
DA:49,0
DA:50,1
DA:67,1
DA:68,0
DA:69,0
DA:70,0
DA:71,15
DA:72,15
DA:73,15
DA:74,7
DA:75,7
DA:80,7
DA:81,7
DA:82,7
DA:83,7
DA:84,7
DA:85,7
DA:86,7
DA:87,7
DA:88,7
DA:89,7
DA:90,7
DA:91,7
DA:92,7
DA:93,7
DA:94,7
DA:95,7
DA:96,7
DA:97,7
DA:98,7
DA:99,7
DA:100,7
DA:101,7
DA:102,7
DA:103,7
DA:104,7
DA:105,7
DA:106,7
DA:107,7
DA:108,7
DA:109,7
DA:110,7
DA:111,7
DA:112,7
DA:113,10
DA:114,10
DA:115,7
DA:116,7
DA:117,7
DA:118,7
DA:119,7
DA:120,7
DA:121,7
DA:122,7
DA:123,7
DA:124,7
DA:125,7
DA:126,7
DA:127,7
DA:128,7
DA:129,7
DA:130,7
DA:131,11
DA:132,11
DA:133,11
DA:134,11
DA:135,7
DA:136,7
DA:137,11
DA:138,1
DA:139,1
DA:140,1
DA:141,1
DA:142,1
DA:143,1
DA:144,1
DA:145,1
DA:146,1
DA:147,1
DA:148,1
DA:149,1
DA:150,1
DA:151,1
DA:152,1
DA:153,10
DA:154,10
DA:155,10
DA:156,10
DA:157,10
DA:158,10
DA:159,10
DA:160,11
DA:161,17
DA:162,17
DA:163,17
DA:164,17
DA:165,10
DA:166,10
DA:167,10
DA:168,10
DA:169,11
DA:170,11
DA:171,11
DA:172,11
DA:173,11
DA:174,11
DA:175,11
DA:176,11
DA:177,11
DA:178,11
DA:179,11
DA:180,11
DA:181,11
DA:182,3
DA:183,3
DA:184,11
DA:185,11
DA:186,11
DA:187,11
DA:188,11
DA:189,1
DA:190,1
DA:191,1
DA:192,1
DA:193,1
DA:194,1
DA:195,11
DA:196,10
DA:197,10
DA:198,10
DA:199,10
DA:200,10
DA:201,11
DA:202,11
DA:203,11
DA:204,7
DA:205,7
DA:206,7
DA:207,7
DA:208,7
DA:209,10
DA:210,10
DA:211,0
DA:212,0
DA:213,0
DA:214,10
DA:215,10
DA:216,7
DA:217,7
DA:218,16
DA:219,15
DA:220,16
DA:221,16
DA:222,16
DA:223,10
DA:224,16
DA:225,16
DA:226,16
DA:227,16
DA:228,16
DA:229,16
DA:230,16
DA:231,16
DA:232,16
DA:233,16
DA:234,16
DA:235,16
DA:236,7
DA:237,7
DA:238,7
DA:239,7
DA:240,7
DA:241,7
DA:242,7
DA:243,7
DA:244,7
DA:245,7
DA:246,7
DA:247,7
DA:248,7
DA:249,1
DA:250,1
DA:251,1
DA:252,7
DA:253,7
DA:254,7
DA:255,7
DA:256,7
DA:257,7
DA:258,7
DA:259,7
DA:260,7
DA:261,7
DA:262,7
DA:263,7
DA:264,7
DA:265,7
LH:213
LF:265
end_of_record
SF:src/console/dashboard/tiles/attention.ts
FN:26,anonymous_0
FN:46,countFailing
FN:69,failingTargets
FN:89,verdictFor
FN:128,reproduceCommand
FN:135,inspectCommand
FNDA:0,anonymous_0
FNDA:5,countFailing
FNDA:6,failingTargets
FNDA:2,verdictFor
FNDA:4,reproduceCommand
FNDA:2,inspectCommand
FNF:6
FNH:5
BRDA:46,0,0,3
BRDA:49,1,0,5
BRDA:49,2,0,3
BRDA:69,3,0,4
BRDA:72,4,0,6
BRDA:73,5,0,2
BRDA:73,6,0,4
BRDA:74,7,0,0
BRDA:74,8,0,0
BRDA:89,9,0,2
BRDA:93,10,0,1
BRDA:97,11,0,0
BRDA:99,12,0,1
BRDA:100,13,0,0
BRDA:106,14,0,1
BRDA:113,15,0,0
BRDA:114,16,0,0
BRDA:128,17,0,4
BRDA:130,18,0,1
BRDA:130,19,0,3
BRDA:133,20,0,0
BRDA:133,21,0,3
BRDA:134,22,0,1
BRDA:134,23,0,2
BRDA:135,24,0,2
BRDA:142,25,0,1
BRDA:142,26,0,1
BRF:27
BRH:20
DA:1,0
DA:2,0
DA:3,0
DA:4,0
DA:5,0
DA:6,0
DA:7,0
DA:8,0
DA:9,0
DA:10,1
DA:12,0
DA:13,0
DA:14,0
DA:15,1
DA:16,0
DA:17,0
DA:18,0
DA:19,0
DA:20,0
DA:21,0
DA:22,0
DA:23,0
DA:24,0
DA:25,0
DA:26,0
DA:27,0
DA:28,0
DA:29,0
DA:30,0
DA:31,0
DA:32,0
DA:33,0
DA:34,1
DA:35,0
DA:36,0
DA:37,0
DA:38,0
DA:39,0
DA:40,0
DA:41,0
DA:42,0
DA:43,0
DA:44,0
DA:45,1
DA:46,3
DA:47,3
DA:48,3
DA:49,3
DA:50,3
DA:51,3
DA:52,3
DA:53,1
DA:54,0
DA:55,0
DA:56,0
DA:62,1
DA:63,0
DA:64,0
DA:65,0
DA:66,0
DA:67,0
DA:68,0
DA:69,4
DA:70,4
DA:71,4
DA:72,4
DA:73,6
DA:74,6
DA:75,6
DA:76,4
DA:77,4
DA:78,4
DA:79,1
DA:85,1
DA:86,0
DA:87,0
DA:88,0
DA:89,2
DA:90,2
DA:91,2
DA:92,2
DA:93,2
DA:94,1
DA:95,1
DA:96,1
DA:97,1
DA:98,1
DA:99,1
DA:100,2
DA:101,0
DA:102,0
DA:103,0
DA:104,0
DA:105,0
DA:106,0
DA:107,1
DA:108,1
DA:109,1
DA:110,1
DA:111,1
DA:112,1
DA:113,1
DA:114,2
DA:115,2
DA:116,2
DA:117,2
DA:118,1
DA:119,0
DA:120,0
DA:121,0
DA:122,0
DA:123,0
DA:124,0
DA:125,0
DA:126,0
DA:127,0
DA:128,4
DA:129,4
DA:130,4
DA:131,3
DA:132,3
DA:133,4
DA:134,4
DA:135,2
DA:136,2
DA:137,2
DA:138,2
DA:139,2
DA:140,2
DA:141,2
DA:142,2
DA:143,2
DA:144,1
DA:145,0
DA:146,0
DA:147,0
DA:148,0
DA:149,0
DA:150,0
DA:151,0
DA:152,0
DA:153,0
DA:154,0
DA:155,0
DA:156,1
DA:157,0
DA:158,0
DA:159,0
DA:160,0
DA:161,0
DA:162,0
DA:163,0
DA:164,0
DA:165,0
DA:166,0
DA:167,1
DA:168,0
DA:169,0
DA:170,0
DA:171,0
DA:172,0
DA:173,0
DA:174,0
DA:175,1
DA:176,0
DA:177,0
DA:178,0
DA:179,0
DA:180,0
DA:181,0
DA:182,1
DA:183,0
DA:184,0
DA:185,0
DA:186,0
DA:187,1
DA:188,0
DA:189,0
DA:190,0
DA:191,0
DA:192,0
DA:193,0
DA:194,0
DA:195,0
DA:196,0
DA:197,0
DA:198,0
DA:199,0
DA:200,0
DA:201,0
DA:202,1
DA:203,0
DA:204,0
DA:205,0
DA:206,0
DA:207,0
DA:208,0
DA:209,0
DA:210,0
DA:211,0
DA:212,0
DA:213,0
DA:214,0
DA:215,0
DA:216,0
DA:217,0
DA:218,0
DA:219,0
DA:220,0
DA:221,0
DA:222,0
DA:223,0
DA:224,0
DA:225,0
DA:226,0
DA:227,0
DA:228,0
DA:229,0
DA:230,0
DA:231,0
DA:232,0
DA:233,0
DA:234,0
DA:235,0
DA:236,0
DA:237,0
DA:238,1
DA:239,0
DA:240,0
DA:241,0
DA:242,0
DA:243,0
DA:244,0
DA:245,0
DA:246,0
DA:247,0
DA:248,0
DA:249,0
DA:250,0
DA:251,0
DA:252,0
DA:253,0
DA:254,0
DA:255,1
DA:256,0
DA:257,0
DA:258,0
DA:259,1
DA:260,0
DA:261,0
DA:262,0
DA:263,0
DA:264,0
DA:265,0
DA:266,0
DA:267,0
DA:268,0
DA:269,0
DA:270,0
DA:271,0
DA:272,0
DA:273,0
DA:274,0
DA:275,0
DA:276,0
DA:277,0
DA:278,0
DA:279,1
DA:280,0
DA:281,0
DA:282,0
DA:283,0
DA:284,0
DA:285,0
DA:286,0
DA:287,0
DA:288,0
DA:289,1
DA:290,0
DA:291,0
DA:292,0
DA:293,0
DA:294,0
DA:295,0
DA:296,0
DA:297,0
DA:298,0
DA:299,1
DA:300,0
DA:301,0
DA:302,0
DA:303,0
DA:304,0
DA:305,0
DA:306,0
DA:307,0
DA:308,0
DA:309,0
DA:310,1
DA:311,0
DA:312,1
DA:313,0
DA:314,0
DA:315,0
DA:316,0
DA:317,0
DA:318,0
DA:319,0
DA:320,0
DA:321,0
DA:322,0
DA:323,0
DA:324,0
DA:325,0
DA:326,0
DA:327,0
DA:328,0
DA:329,0
DA:330,0
DA:331,0
DA:332,0
DA:333,1
DA:334,0
DA:335,0
DA:336,0
DA:337,0
DA:338,1
DA:339,0
DA:340,0
DA:341,0
DA:342,0
DA:343,0
DA:344,0
DA:345,0
DA:346,1
DA:347,0
DA:348,0
DA:349,0
DA:350,0
DA:351,1
DA:352,0
DA:353,0
DA:354,0
DA:355,0
DA:356,0
DA:357,0
DA:358,0
DA:359,0
DA:360,0
DA:361,1
DA:362,0
DA:363,0
DA:364,0
DA:365,0
DA:366,0
DA:367,0
DA:368,0
DA:369,0
DA:370,0
DA:371,0
DA:372,0
DA:373,0
DA:374,1
DA:375,0
DA:376,0
DA:377,0
DA:378,0
DA:379,1
DA:380,0
DA:381,0
DA:382,1
DA:383,0
DA:384,0
DA:385,0
DA:386,0
DA:387,0
DA:388,0
DA:389,0
DA:390,0
DA:391,0
DA:392,0
DA:393,0
DA:394,0
DA:395,0
DA:396,0
DA:397,0
DA:398,0
DA:399,0
DA:400,0
DA:401,0
DA:402,0
DA:403,0
DA:404,0
DA:405,0
DA:406,0
DA:407,0
DA:408,0
DA:409,0
DA:410,0
DA:411,0
DA:412,0
DA:413,1
DA:414,0
DA:415,0
DA:416,0
DA:417,0
DA:418,0
DA:419,0
DA:420,0
DA:421,0
DA:422,0
DA:423,0
DA:424,0
DA:425,0
DA:426,0
DA:427,0
DA:428,0
DA:429,0
DA:430,0
DA:431,0
DA:432,0
DA:433,0
DA:434,0
DA:435,0
DA:436,0
DA:437,0
DA:438,0
DA:439,0
DA:440,0
DA:441,0
DA:442,0
DA:443,0
DA:444,0
DA:445,0
DA:446,0
DA:447,0
DA:448,0
DA:449,0
DA:450,0
DA:451,0
DA:452,0
DA:453,0
DA:454,0
DA:455,0
DA:456,0
DA:457,0
DA:458,1
DA:459,0
DA:460,0
DA:461,0
DA:462,0
DA:463,0
DA:464,0
DA:465,0
DA:466,0
LH:101
LF:466
end_of_record
SF:src/console/dashboard/tiles/bigPicture.ts
FN:74,anonymous_0
FNDA:0,anonymous_0
FNF:1
FNH:0
BRF:0
BRH:0
DA:1,0
DA:2,0
DA:3,0
DA:4,0
DA:5,0
DA:6,0
DA:7,0
DA:8,0
DA:9,0
DA:10,0
DA:11,0
DA:12,0
DA:13,0
DA:14,0
DA:15,0
DA:16,0
DA:17,0
DA:18,0
DA:19,0
DA:20,0
DA:21,0
DA:22,0
DA:23,0
DA:24,1
DA:26,0
DA:27,0
DA:29,1
DA:31,1
DA:32,0
DA:33,0
DA:34,0
DA:35,1
DA:36,0
DA:37,0
DA:38,0
DA:39,0
DA:40,0
DA:41,0
DA:42,0
DA:43,0
DA:44,0
DA:45,0
DA:46,0
DA:47,0
DA:48,0
DA:49,0
DA:50,0
DA:51,0
DA:52,0
DA:53,1
DA:54,0
DA:55,0
DA:56,0
DA:57,0
DA:58,0
DA:59,0
DA:60,1
DA:61,0
DA:62,0
DA:63,0
DA:64,0
DA:65,0
DA:66,0
DA:67,0
DA:68,0
DA:69,1
DA:70,0
DA:71,0
DA:72,0
DA:73,0
DA:74,0
DA:75,0
DA:76,0
DA:77,0
DA:78,0
DA:79,0
DA:80,0
DA:81,0
DA:82,1
DA:83,0
DA:84,0
DA:85,0
DA:86,0
DA:87,0
DA:88,0
DA:89,1
DA:90,0
DA:91,0
DA:92,0
DA:93,1
DA:94,0
DA:95,0
DA:96,0
DA:97,0
DA:98,0
DA:99,1
DA:100,0
DA:101,0
DA:102,0
DA:103,0
DA:104,0
DA:105,0
DA:106,0
DA:107,0
DA:108,0
DA:109,0
DA:110,0
DA:111,0
DA:112,0
DA:113,0
DA:114,1
DA:115,0
DA:116,0
DA:117,0
DA:118,0
DA:119,0
DA:120,0
DA:121,0
DA:122,0
DA:123,0
DA:124,0
DA:125,0
DA:126,0
DA:127,0
DA:128,0
DA:129,0
DA:130,0
DA:131,0
DA:132,0
DA:133,0
DA:134,0
DA:135,0
DA:136,0
DA:137,0
DA:138,0
DA:139,0
DA:140,0
DA:141,0
DA:142,0
DA:143,0
DA:144,0
DA:145,0
DA:146,0
DA:147,0
DA:148,0
DA:149,0
DA:150,0
DA:151,0
DA:152,0
DA:153,0
DA:154,0
DA:155,0
DA:156,0
DA:157,0
DA:158,0
DA:159,0
DA:160,0
DA:161,1
DA:162,0
DA:163,0
DA:164,0
DA:165,0
DA:166,0
DA:167,0
DA:168,0
DA:169,0
DA:170,0
DA:171,0
DA:172,0
DA:173,0
DA:174,0
DA:175,0
DA:176,0
DA:177,0
DA:178,0
DA:179,0
DA:180,0
DA:181,0
DA:182,0
DA:183,0
DA:184,0
DA:185,0
DA:186,0
DA:187,0
DA:188,0
DA:189,0
DA:190,0
DA:191,0
DA:192,0
DA:193,0
DA:194,0
DA:195,0
DA:196,0
DA:197,1
DA:198,0
DA:199,0
DA:200,0
DA:201,0
DA:202,0
DA:203,0
DA:204,0
DA:205,0
DA:206,0
DA:207,0
DA:208,0
DA:209,0
DA:210,0
DA:211,0
DA:212,0
DA:213,0
DA:214,0
DA:215,0
DA:216,0
DA:217,0
DA:218,0
DA:219,0
DA:220,0
DA:221,0
DA:222,0
DA:223,0
DA:224,0
DA:225,0
DA:226,0
DA:227,0
DA:228,0
DA:229,0
DA:230,0
DA:231,0
DA:232,0
DA:233,1
DA:234,0
DA:235,0
DA:236,0
DA:237,0
DA:238,0
DA:239,0
DA:240,0
DA:241,0
DA:242,0
DA:243,0
DA:244,0
DA:245,0
DA:246,0
DA:247,0
DA:248,0
DA:249,0
DA:250,0
DA:251,1
DA:252,0
DA:253,0
DA:254,0
DA:255,0
DA:256,0
DA:257,0
DA:258,0
DA:259,1
DA:260,0
DA:261,0
DA:262,0
DA:263,0
DA:264,0
DA:265,0
DA:266,1
DA:267,0
DA:268,0
DA:269,0
DA:270,1
DA:271,0
DA:272,0
DA:273,0
DA:274,0
DA:275,0
DA:276,0
DA:277,0
DA:278,0
DA:279,0
DA:280,0
DA:281,0
DA:282,0
DA:283,0
DA:284,0
DA:285,0
DA:286,0
DA:287,0
DA:288,0
DA:289,0
DA:290,0
DA:291,0
DA:292,0
DA:293,0
DA:294,0
DA:295,0
DA:296,0
DA:297,0
DA:298,0
DA:299,1
DA:300,0
DA:301,0
DA:302,0
DA:303,0
DA:304,0
DA:305,0
DA:306,0
DA:307,0
DA:308,0
DA:309,0
DA:310,0
DA:311,0
DA:312,0
DA:313,0
DA:314,0
DA:315,1
DA:316,0
DA:317,0
DA:318,0
DA:319,0
DA:320,0
DA:321,0
DA:322,1
DA:323,0
DA:324,0
DA:325,0
DA:326,0
DA:327,0
DA:328,1
DA:329,0
DA:330,0
DA:331,0
DA:332,0
DA:333,0
DA:334,0
DA:335,0
DA:336,0
DA:337,0
DA:338,0
DA:339,0
DA:340,0
DA:341,0
DA:342,0
DA:343,0
DA:344,0
DA:345,0
DA:346,0
DA:347,1
DA:348,0
DA:349,0
DA:350,0
DA:351,0
DA:352,0
DA:353,1
DA:354,0
DA:355,0
DA:356,0
DA:357,0
DA:358,0
DA:359,0
DA:360,0
DA:361,0
DA:362,0
DA:363,0
DA:364,0
DA:365,0
DA:366,0
DA:367,0
DA:368,0
DA:369,0
DA:370,0
DA:371,0
DA:372,0
DA:373,0
DA:374,1
DA:375,0
DA:376,0
DA:377,0
DA:378,0
DA:379,0
DA:380,0
DA:381,0
DA:382,0
DA:383,0
LH:29
LF:383
end_of_record
SF:src/console/keybindings.ts
FN:26,rowIcon
FN:50,actionButton
FN:60,iconButton
FN:76,keybindingRows
FN:95,anonymous_4
FN:140,createKeybindingsEditor
FN:160,setChord
FN:169,stopCapture
FN:185,paintCapture
FN:206,beginCapture
FN:210,commit
FN:217,onKey
FN:243,unbind
FN:249,render
FN:282,anonymous_14
FN:299,anonymous_15
FN:306,anonymous_16
FN:312,anonymous_17
FN:323,anonymous_18
FN:328,cancelCapture
FN:333,destroy
FN:345,createKeybindingsOverlay
FN:367,anonymous_22
FN:375,open
FN:381,close
FN:394,anonymous_25
FN:402,anonymous_26
FNDA:18,rowIcon
FNDA:12,actionButton
FNDA:6,iconButton
FNDA:6,keybindingRows
FNDA:6,anonymous_4
FNDA:2,createKeybindingsEditor
FNDA:0,setChord
FNDA:4,stopCapture
FNDA:2,paintCapture
FNDA:2,beginCapture
FNDA:0,commit
FNDA:2,onKey
FNDA:2,unbind
FNDA:6,render
FNDA:0,anonymous_14
FNDA:2,anonymous_15
FNDA:0,anonymous_16
FNDA:0,anonymous_17
FNDA:0,anonymous_18
FNDA:2,cancelCapture
FNDA:0,destroy
FNDA:2,createKeybindingsOverlay
FNDA:0,anonymous_22
FNDA:2,open
FNDA:2,close
FNDA:0,anonymous_25
FNDA:0,anonymous_26
FNF:27
FNH:17
BRDA:19,0,0,42
BRDA:24,1,0,198
BRDA:26,2,0,18
BRDA:35,3,0,6
BRDA:35,4,0,12
BRDA:36,5,0,6
BRDA:36,6,0,12
BRDA:42,7,0,6
BRDA:42,8,0,12
BRDA:43,9,0,6
BRDA:50,10,0,12
BRDA:60,11,0,6
BRDA:76,12,0,6
BRDA:95,13,0,6
BRDA:97,14,0,0
BRDA:97,15,0,0
BRDA:99,16,0,0
BRDA:103,17,0,0
BRDA:140,18,0,2
BRDA:169,19,0,4
BRDA:170,20,0,2
BRDA:174,21,0,2
BRDA:185,22,0,2
BRDA:186,23,0,0
BRDA:190,24,0,0
BRDA:193,25,0,0
BRDA:206,26,0,2
BRDA:217,27,0,2
BRDA:220,28,0,0
BRDA:236,29,0,0
BRDA:239,30,0,0
BRDA:243,31,0,2
BRDA:249,32,0,6
BRDA:257,33,0,0
BRDA:267,34,0,2
BRDA:270,35,0,4
BRDA:270,36,0,0
BRDA:280,37,0,0
BRDA:281,38,0,0
BRDA:296,39,0,2
BRDA:296,40,0,4
BRDA:299,41,0,2
BRDA:300,42,0,0
BRDA:328,43,0,2
BRDA:329,44,0,0
BRDA:345,45,0,2
BRDA:375,46,0,2
BRDA:376,47,0,0
BRDA:381,48,0,2
BRDA:382,49,0,0
BRF:50
BRH:32
DA:1,0
DA:2,0
DA:3,0
DA:4,0
DA:5,1
DA:6,0
DA:7,0
DA:8,0
DA:9,0
DA:10,0
DA:11,0
DA:12,0
DA:15,0
DA:17,0
DA:18,1
DA:19,42
DA:20,42
DA:21,42
DA:22,42
DA:23,42
DA:24,42
DA:25,42
DA:26,18
DA:27,18
DA:28,18
DA:29,18
DA:30,18
DA:31,18
DA:32,18
DA:33,18
DA:34,18
DA:35,18
DA:36,18
DA:37,18
DA:38,18
DA:39,18
DA:40,18
DA:41,18
DA:42,18
DA:43,12
DA:44,6
DA:45,6
DA:46,6
DA:47,6
DA:48,18
DA:49,18
DA:50,12
DA:51,12
DA:52,12
DA:53,12
DA:54,12
DA:55,12
DA:56,12
DA:57,12
DA:58,12
DA:59,12
DA:60,6
DA:61,6
DA:62,6
DA:63,6
DA:64,6
DA:65,6
DA:66,6
DA:67,6
DA:68,6
DA:69,6
DA:70,6
DA:71,6
DA:72,6
DA:73,6
DA:74,6
DA:75,6
DA:76,6
DA:77,6
DA:78,6
DA:79,6
DA:87,6
DA:88,6
DA:89,6
DA:90,6
DA:91,6
DA:92,6
DA:93,6
DA:94,6
DA:95,6
DA:96,6
DA:97,6
DA:98,6
DA:99,6
DA:100,0
DA:101,0
DA:102,6
DA:103,6
DA:104,6
DA:105,6
DA:106,1
DA:107,0
DA:108,0
DA:114,1
DA:115,0
DA:116,0
DA:117,0
DA:126,1
DA:132,1
DA:133,0
DA:134,0
DA:135,0
DA:136,0
DA:137,0
DA:138,0
DA:139,1
DA:140,2
DA:141,2
DA:142,2
DA:143,2
DA:144,2
DA:145,2
DA:146,2
DA:147,2
DA:148,2
DA:149,2
DA:150,2
DA:151,2
DA:152,2
DA:153,2
DA:154,2
DA:155,2
DA:156,2
DA:157,2
DA:158,2
DA:159,2
DA:160,2
DA:161,0
DA:162,0
DA:163,0
DA:164,0
DA:165,0
DA:166,0
DA:167,0
DA:168,2
DA:169,2
DA:170,4
DA:171,2
DA:172,2
DA:173,2
DA:174,4
DA:175,2
DA:176,2
DA:177,2
DA:178,4
DA:179,4
DA:180,4
DA:181,2
DA:182,2
DA:183,2
DA:184,2
DA:185,2
DA:186,2
DA:187,2
DA:188,2
DA:189,2
DA:190,2
DA:191,2
DA:192,2
DA:193,2
DA:194,0
DA:195,0
DA:196,0
DA:197,2
DA:198,2
DA:199,2
DA:200,2
DA:201,2
DA:202,2
DA:203,2
DA:204,2
DA:205,2
DA:206,2
DA:207,2
DA:208,2
DA:209,2
DA:210,2
DA:211,0
DA:212,0
DA:213,0
DA:214,0
DA:215,0
DA:216,2
DA:217,2
DA:218,2
DA:219,2
DA:220,2
DA:221,0
DA:222,0
DA:223,0
DA:224,0
DA:225,2
DA:226,2
DA:227,2
DA:228,2
DA:229,2
DA:230,2
DA:231,2
DA:232,2
DA:233,2
DA:234,2
DA:235,2
DA:236,2
DA:237,2
DA:238,2
DA:239,2
DA:240,2
DA:241,2
DA:242,2
DA:243,2
DA:244,2
DA:245,2
DA:246,2
DA:247,2
DA:248,2
DA:249,2
DA:250,6
DA:251,6
DA:252,6
DA:253,6
DA:254,6
DA:255,6
DA:256,6
DA:257,6
DA:258,6
DA:259,6
DA:260,6
DA:261,6
DA:262,6
DA:263,6
DA:264,6
DA:265,6
DA:266,6
DA:267,6
DA:268,2
DA:269,2
DA:270,6
DA:271,0
DA:272,0
DA:273,4
DA:274,4
DA:275,4
DA:276,4
DA:277,6
DA:278,6
DA:279,6
DA:280,6
DA:281,6
DA:282,0
DA:283,0
DA:284,0
DA:285,0
DA:286,6
DA:287,6
DA:288,6
DA:289,6
DA:290,6
DA:291,6
DA:292,6
DA:293,6
DA:294,6
DA:295,6
DA:296,6
DA:297,6
DA:298,6
DA:299,6
DA:300,2
DA:301,0
DA:302,0
DA:303,2
DA:304,6
DA:305,6
DA:306,6
DA:307,0
DA:308,6
DA:309,6
DA:310,6
DA:311,6
DA:312,6
DA:313,0
DA:314,6
DA:315,6
DA:316,6
DA:317,6
DA:318,6
DA:319,6
DA:320,2
DA:321,2
DA:322,2
DA:323,2
DA:324,2
DA:325,2
DA:326,2
DA:327,2
DA:328,2
DA:329,2
DA:330,2
DA:331,2
DA:332,2
DA:333,2
DA:334,0
DA:335,0
DA:336,0
DA:337,0
DA:338,0
DA:339,2
DA:340,2
DA:341,2
DA:342,1
DA:343,0
DA:344,0
DA:345,2
DA:346,2
DA:347,2
DA:348,2
DA:349,2
DA:350,2
DA:351,2
DA:352,2
DA:353,2
DA:354,2
DA:355,2
DA:356,2
DA:357,2
DA:358,2
DA:359,2
DA:360,2
DA:361,2
DA:362,2
DA:363,2
DA:364,2
DA:365,2
DA:366,2
DA:367,2
DA:368,2
DA:369,2
DA:370,2
DA:371,2
DA:372,2
DA:373,2
DA:374,2
DA:375,2
DA:376,2
DA:377,2
DA:378,2
DA:379,2
DA:380,2
DA:381,2
DA:382,2
DA:383,2
DA:384,2
DA:385,2
DA:386,2
DA:387,2
DA:388,2
DA:389,2
DA:390,2
DA:391,2
DA:392,2
DA:393,2
DA:394,2
DA:395,0
DA:396,0
DA:397,0
DA:398,0
DA:399,0
DA:400,2
DA:401,2
DA:402,2
DA:403,0
DA:404,2
DA:405,2
DA:406,2
DA:407,2
LH:339
LF:407
end_of_record
SF:src/console/view.ts
FN:25,set
FN:29,subscribe
FN:31,anonymous_2
FN:34,h
FN:42,bind
FN:71,h
FN:77,h
FNDA:15,set
FNDA:8,subscribe
FNDA:7,anonymous_2
FNDA:69,h
FNDA:1,bind
FNDA:6,h
FNDA:66,h
FNF:7
FNH:7
BRDA:24,0,0,17
BRDA:25,1,0,15
BRDA:27,2,0,7
BRDA:29,3,0,8
BRDA:31,4,0,7
BRDA:34,5,0,69
BRDA:78,6,0,26
BRDA:42,7,0,1
BRDA:71,8,0,6
BRDA:77,9,0,4
BRDA:78,10,0,3
BRDA:77,11,0,66
BRDA:78,12,0,36
BRF:13
BRH:13
DA:1,0
DA:2,0
DA:3,0
DA:4,0
DA:5,0
DA:6,0
DA:7,1
DA:8,0
DA:9,0
DA:10,0
DA:11,0
DA:17,1
DA:18,0
DA:19,0
DA:20,0
DA:21,0
DA:22,0
DA:23,0
DA:24,1
DA:25,1
DA:26,15
DA:27,15
DA:28,1
DA:29,1
DA:30,8
DA:31,8
DA:32,1
DA:33,0
DA:34,69
DA:35,69
DA:36,69
DA:38,69
DA:39,69
DA:40,69
DA:41,69
DA:42,69
DA:43,1
DA:44,1
DA:45,1
DA:46,69
DA:47,69
DA:48,69
DA:49,69
DA:54,69
DA:55,69
DA:56,69
DA:57,69
DA:58,69
DA:59,69
DA:60,69
DA:61,69
DA:62,69
DA:63,69
DA:64,69
DA:65,69
DA:66,69
DA:67,69
DA:68,69
DA:69,69
DA:70,69
DA:71,69
DA:72,6
DA:73,6
DA:74,6
DA:75,6
DA:76,6
DA:77,6
DA:78,6
DA:79,6
DA:80,6
LH:63
LF:80
end_of_record
SF:src/lib/persist.ts
FN:61,enqueueWrite
FN:75,anonymous_1
FN:82,set
FN:89,get
FN:93,update
FN:96,persistOnly
FN:97,subscribe
FN:36,persisted
FNDA:0,enqueueWrite
FNDA:0,anonymous_1
FNDA:0,set
FNDA:0,get
FNDA:0,update
FNDA:0,persistOnly
FNDA:0,subscribe
FNDA:8,persisted
FNF:8
FNH:1
BRDA:41,0,0,9
BRDA:44,1,0,0
BRDA:45,2,0,0
BRDA:36,3,0,8
BRF:4
BRH:2
DA:1,0
DA:2,0
DA:3,0
DA:4,0
DA:5,0
DA:6,0
DA:7,0
DA:8,0
DA:9,0
DA:10,0
DA:11,0
DA:12,0
DA:13,0
DA:14,0
DA:15,0
DA:16,0
DA:17,0
DA:33,1
DA:34,0
DA:35,0
DA:36,8
DA:37,8
DA:38,8
DA:39,8
DA:40,8
DA:41,8
DA:42,8
DA:43,8
DA:44,8
DA:45,8
DA:46,8
DA:47,8
DA:48,8
DA:49,8
DA:50,8
DA:51,8
DA:52,8
DA:53,8
DA:54,8
DA:55,8
DA:56,8
DA:57,8
DA:58,8
DA:59,8
DA:60,8
DA:61,8
DA:62,8
DA:63,8
DA:64,8
DA:65,8
DA:66,8
DA:67,8
DA:68,8
DA:69,8
DA:70,8
DA:71,8
DA:72,8
DA:73,8
DA:74,8
DA:75,8
DA:76,8
DA:77,8
DA:78,8
DA:79,8
DA:80,8
DA:81,8
DA:82,8
DA:83,8
DA:84,8
DA:85,8
DA:86,8
DA:87,8
DA:88,8
DA:89,8
DA:90,8
DA:91,8
DA:92,8
DA:93,8
DA:94,8
DA:95,8
DA:96,8
DA:97,8
DA:98,8
DA:99,8
DA:100,8
DA:101,8
DA:102,8
LH:83
LF:102
end_of_record
